{"D:\\NodeJs-Projects\\SocialSpot\\src\\app.js": {"path":"D:\\NodeJs-Projects\\SocialSpot\\src\\app.js","statementMap":{"0":{"start":{"line":1,"column":12},"end":{"line":1,"column":26}},"1":{"start":{"line":3,"column":0},"end":{"line":3,"column":25}},"2":{"start":{"line":5,"column":19},"end":{"line":5,"column":44}},"3":{"start":{"line":7,"column":22},"end":{"line":7,"column":47}},"4":{"start":{"line":8,"column":15},"end":{"line":8,"column":48}},"5":{"start":{"line":10,"column":12},"end":{"line":10,"column":21}},"6":{"start":{"line":12,"column":0},"end":{"line":12,"column":22}},"7":{"start":{"line":14,"column":0},"end":{"line":21,"column":3}},"8":{"start":{"line":15,"column":2},"end":{"line":20,"column":3}},"9":{"start":{"line":16,"column":4},"end":{"line":16,"column":23}},"10":{"start":{"line":18,"column":4},"end":{"line":18,"column":42}},"11":{"start":{"line":19,"column":4},"end":{"line":19,"column":28}},"12":{"start":{"line":27,"column":0},"end":{"line":27,"column":54}},"13":{"start":{"line":35,"column":0},"end":{"line":35,"column":21}}},"fnMap":{"0":{"name":"(anonymous_0)","decl":{"start":{"line":14,"column":10},"end":{"line":14,"column":11}},"loc":{"start":{"line":14,"column":35},"end":{"line":21,"column":1}},"line":14}},"branchMap":{"0":{"loc":{"start":{"line":15,"column":2},"end":{"line":20,"column":3}},"type":"if","locations":[{"start":{"line":15,"column":2},"end":{"line":20,"column":3}},{"start":{"line":17,"column":9},"end":{"line":20,"column":3}}],"line":15}},"s":{"0":1,"1":1,"2":1,"3":1,"4":1,"5":1,"6":1,"7":1,"8":1,"9":0,"10":1,"11":1,"12":1,"13":1},"f":{"0":1},"b":{"0":[0,1]},"_coverageSchema":"1a1c01bbd47fc00a2c39e90264f33305004495a9","hash":"adfbbf85a3361d1013163e31d02cbca34f09cc34"}
,"D:\\NodeJs-Projects\\SocialSpot\\src\\DB\\connectDB.js": {"path":"D:\\NodeJs-Projects\\SocialSpot\\src\\DB\\connectDB.js","statementMap":{"0":{"start":{"line":1,"column":24},"end":{"line":1,"column":42}},"1":{"start":{"line":3,"column":22},"end":{"line":3,"column":56}},"2":{"start":{"line":4,"column":21},"end":{"line":4,"column":33}},"3":{"start":{"line":7,"column":0},"end":{"line":23,"column":2}},"4":{"start":{"line":10,"column":4},"end":{"line":17,"column":5}},"5":{"start":{"line":11,"column":21},"end":{"line":11,"column":51}},"6":{"start":{"line":12,"column":6},"end":{"line":12,"column":29}},"7":{"start":{"line":13,"column":6},"end":{"line":13,"column":36}},"8":{"start":{"line":14,"column":6},"end":{"line":14,"column":33}},"9":{"start":{"line":16,"column":6},"end":{"line":16,"column":35}},"10":{"start":{"line":21,"column":4},"end":{"line":21,"column":15}}},"fnMap":{"0":{"name":"(anonymous_0)","decl":{"start":{"line":9,"column":13},"end":{"line":9,"column":14}},"loc":{"start":{"line":9,"column":39},"end":{"line":18,"column":3}},"line":9},"1":{"name":"(anonymous_1)","decl":{"start":{"line":20,"column":9},"end":{"line":20,"column":10}},"loc":{"start":{"line":20,"column":21},"end":{"line":22,"column":3}},"line":20}},"branchMap":{},"s":{"0":1,"1":1,"2":1,"3":1,"4":1,"5":1,"6":1,"7":1,"8":1,"9":0,"10":0},"f":{"0":1,"1":0},"b":{},"_coverageSchema":"1a1c01bbd47fc00a2c39e90264f33305004495a9","hash":"68e35b5ab91d56a2e97659d2386e395ed7dceab5"}
,"D:\\NodeJs-Projects\\SocialSpot\\src\\controllers\\auth.controller.js": {"path":"D:\\NodeJs-Projects\\SocialSpot\\src\\controllers\\auth.controller.js","statementMap":{"0":{"start":{"line":1,"column":21},"end":{"line":1,"column":39}},"1":{"start":{"line":2,"column":15},"end":{"line":2,"column":32}},"2":{"start":{"line":4,"column":25},"end":{"line":4,"column":57}},"3":{"start":{"line":5,"column":26},"end":{"line":5,"column":51}},"4":{"start":{"line":10,"column":0},"end":{"line":37,"column":2}},"5":{"start":{"line":11,"column":2},"end":{"line":36,"column":3}},"6":{"start":{"line":12,"column":17},"end":{"line":12,"column":49}},"7":{"start":{"line":14,"column":17},"end":{"line":14,"column":33}},"8":{"start":{"line":15,"column":4},"end":{"line":15,"column":56}},"9":{"start":{"line":19,"column":25},"end":{"line":19,"column":51}},"10":{"start":{"line":20,"column":18},"end":{"line":20,"column":71}},"11":{"start":{"line":22,"column":4},"end":{"line":28,"column":7}},"12":{"start":{"line":30,"column":4},"end":{"line":35,"column":7}},"13":{"start":{"line":42,"column":0},"end":{"line":79,"column":2}},"14":{"start":{"line":43,"column":2},"end":{"line":78,"column":3}},"15":{"start":{"line":44,"column":42},"end":{"line":44,"column":58}},"16":{"start":{"line":46,"column":17},"end":{"line":56,"column":5}},"17":{"start":{"line":57,"column":4},"end":{"line":57,"column":63}},"18":{"start":{"line":60,"column":27},"end":{"line":60,"column":72}},"19":{"start":{"line":61,"column":4},"end":{"line":61,"column":61}},"20":{"start":{"line":64,"column":18},"end":{"line":64,"column":56}},"21":{"start":{"line":66,"column":4},"end":{"line":71,"column":7}},"22":{"start":{"line":73,"column":4},"end":{"line":77,"column":7}},"23":{"start":{"line":84,"column":0},"end":{"line":118,"column":2}},"24":{"start":{"line":85,"column":2},"end":{"line":117,"column":3}},"25":{"start":{"line":88,"column":16},"end":{"line":88,"column":29}},"26":{"start":{"line":90,"column":25},"end":{"line":95,"column":7}},"27":{"start":{"line":96,"column":4},"end":{"line":96,"column":59}},"28":{"start":{"line":98,"column":4},"end":{"line":104,"column":5}},"29":{"start":{"line":99,"column":6},"end":{"line":103,"column":9}},"30":{"start":{"line":106,"column":4},"end":{"line":110,"column":7}},"31":{"start":{"line":112,"column":4},"end":{"line":116,"column":7}}},"fnMap":{"0":{"name":"(anonymous_0)","decl":{"start":{"line":10,"column":19},"end":{"line":10,"column":20}},"loc":{"start":{"line":10,"column":34},"end":{"line":37,"column":1}},"line":10},"1":{"name":"(anonymous_1)","decl":{"start":{"line":42,"column":16},"end":{"line":42,"column":17}},"loc":{"start":{"line":42,"column":31},"end":{"line":79,"column":1}},"line":42},"2":{"name":"(anonymous_2)","decl":{"start":{"line":84,"column":22},"end":{"line":84,"column":23}},"loc":{"start":{"line":84,"column":37},"end":{"line":118,"column":1}},"line":84}},"branchMap":{"0":{"loc":{"start":{"line":98,"column":4},"end":{"line":104,"column":5}},"type":"if","locations":[{"start":{"line":98,"column":4},"end":{"line":104,"column":5}},{"start":{},"end":{}}],"line":98},"1":{"loc":{"start":{"line":114,"column":18},"end":{"line":114,"column":41}},"type":"binary-expr","locations":[{"start":{"line":114,"column":18},"end":{"line":114,"column":34}},{"start":{"line":114,"column":38},"end":{"line":114,"column":41}}],"line":114}},"s":{"0":1,"1":1,"2":1,"3":1,"4":1,"5":0,"6":0,"7":0,"8":0,"9":0,"10":0,"11":0,"12":0,"13":1,"14":0,"15":0,"16":0,"17":0,"18":0,"19":0,"20":0,"21":0,"22":0,"23":1,"24":0,"25":0,"26":0,"27":0,"28":0,"29":0,"30":0,"31":0},"f":{"0":0,"1":0,"2":0},"b":{"0":[0,0],"1":[0,0]},"_coverageSchema":"1a1c01bbd47fc00a2c39e90264f33305004495a9","hash":"c98f8948345ff73aa7456cb0dab5e0415029c3b0"}
,"D:\\NodeJs-Projects\\SocialSpot\\src\\controllers\\comment.controller.js": {"path":"D:\\NodeJs-Projects\\SocialSpot\\src\\controllers\\comment.controller.js","statementMap":{"0":{"start":{"line":1,"column":21},"end":{"line":1,"column":36}},"1":{"start":{"line":2,"column":25},"end":{"line":2,"column":57}},"2":{"start":{"line":7,"column":0},"end":{"line":15,"column":2}},"3":{"start":{"line":8,"column":2},"end":{"line":14,"column":3}},"4":{"start":{"line":9,"column":21},"end":{"line":9,"column":50}},"5":{"start":{"line":10,"column":20},"end":{"line":10,"column":62}},"6":{"start":{"line":11,"column":4},"end":{"line":11,"column":78}},"7":{"start":{"line":13,"column":4},"end":{"line":13,"column":67}},"8":{"start":{"line":20,"column":0},"end":{"line":40,"column":2}},"9":{"start":{"line":21,"column":2},"end":{"line":39,"column":3}},"10":{"start":{"line":22,"column":22},"end":{"line":22,"column":56}},"11":{"start":{"line":24,"column":21},"end":{"line":24,"column":50}},"12":{"start":{"line":25,"column":20},"end":{"line":29,"column":5}},"13":{"start":{"line":31,"column":4},"end":{"line":36,"column":7}},"14":{"start":{"line":38,"column":4},"end":{"line":38,"column":65}},"15":{"start":{"line":45,"column":0},"end":{"line":64,"column":2}},"16":{"start":{"line":46,"column":2},"end":{"line":63,"column":3}},"17":{"start":{"line":47,"column":22},"end":{"line":47,"column":56}},"18":{"start":{"line":48,"column":20},"end":{"line":50,"column":60}},"19":{"start":{"line":52,"column":4},"end":{"line":58,"column":5}},"20":{"start":{"line":53,"column":6},"end":{"line":57,"column":9}},"21":{"start":{"line":60,"column":4},"end":{"line":60,"column":71}},"22":{"start":{"line":62,"column":4},"end":{"line":62,"column":67}},"23":{"start":{"line":69,"column":0},"end":{"line":84,"column":2}},"24":{"start":{"line":70,"column":2},"end":{"line":83,"column":3}},"25":{"start":{"line":71,"column":20},"end":{"line":74,"column":16}},"26":{"start":{"line":75,"column":4},"end":{"line":80,"column":7}},"27":{"start":{"line":82,"column":4},"end":{"line":82,"column":65}}},"fnMap":{"0":{"name":"(anonymous_0)","decl":{"start":{"line":7,"column":21},"end":{"line":7,"column":22}},"loc":{"start":{"line":7,"column":36},"end":{"line":15,"column":1}},"line":7},"1":{"name":"(anonymous_1)","decl":{"start":{"line":20,"column":24},"end":{"line":20,"column":25}},"loc":{"start":{"line":20,"column":39},"end":{"line":40,"column":1}},"line":20},"2":{"name":"(anonymous_2)","decl":{"start":{"line":45,"column":24},"end":{"line":45,"column":25}},"loc":{"start":{"line":45,"column":39},"end":{"line":64,"column":1}},"line":45},"3":{"name":"(anonymous_3)","decl":{"start":{"line":69,"column":20},"end":{"line":69,"column":21}},"loc":{"start":{"line":69,"column":35},"end":{"line":84,"column":1}},"line":69}},"branchMap":{"0":{"loc":{"start":{"line":52,"column":4},"end":{"line":58,"column":5}},"type":"if","locations":[{"start":{"line":52,"column":4},"end":{"line":58,"column":5}},{"start":{},"end":{}}],"line":52}},"s":{"0":1,"1":1,"2":1,"3":0,"4":0,"5":0,"6":0,"7":0,"8":1,"9":0,"10":0,"11":0,"12":0,"13":0,"14":0,"15":1,"16":0,"17":0,"18":0,"19":0,"20":0,"21":0,"22":0,"23":1,"24":0,"25":0,"26":0,"27":0},"f":{"0":0,"1":0,"2":0,"3":0},"b":{"0":[0,0]},"_coverageSchema":"1a1c01bbd47fc00a2c39e90264f33305004495a9","hash":"4952ea297f93af68556e841c791f1983c13fc31b"}
,"D:\\NodeJs-Projects\\SocialSpot\\src\\controllers\\connection.controller.js": {"path":"D:\\NodeJs-Projects\\SocialSpot\\src\\controllers\\connection.controller.js","statementMap":{"0":{"start":{"line":1,"column":21},"end":{"line":1,"column":39}},"1":{"start":{"line":3,"column":37},"end":{"line":3,"column":77}},"2":{"start":{"line":4,"column":25},"end":{"line":4,"column":57}},"3":{"start":{"line":9,"column":0},"end":{"line":29,"column":2}},"4":{"start":{"line":10,"column":2},"end":{"line":28,"column":3}},"5":{"start":{"line":11,"column":19},"end":{"line":14,"column":6}},"6":{"start":{"line":16,"column":4},"end":{"line":21,"column":7}},"7":{"start":{"line":23,"column":4},"end":{"line":27,"column":7}},"8":{"start":{"line":34,"column":0},"end":{"line":58,"column":2}},"9":{"start":{"line":35,"column":2},"end":{"line":57,"column":3}},"10":{"start":{"line":36,"column":23},"end":{"line":36,"column":33}},"11":{"start":{"line":37,"column":21},"end":{"line":43,"column":6}},"12":{"start":{"line":45,"column":4},"end":{"line":50,"column":7}},"13":{"start":{"line":52,"column":4},"end":{"line":56,"column":7}}},"fnMap":{"0":{"name":"(anonymous_0)","decl":{"start":{"line":9,"column":21},"end":{"line":9,"column":22}},"loc":{"start":{"line":9,"column":36},"end":{"line":29,"column":1}},"line":9},"1":{"name":"(anonymous_1)","decl":{"start":{"line":34,"column":23},"end":{"line":34,"column":24}},"loc":{"start":{"line":34,"column":38},"end":{"line":58,"column":1}},"line":34}},"branchMap":{"0":{"loc":{"start":{"line":25,"column":18},"end":{"line":25,"column":41}},"type":"binary-expr","locations":[{"start":{"line":25,"column":18},"end":{"line":25,"column":34}},{"start":{"line":25,"column":38},"end":{"line":25,"column":41}}],"line":25},"1":{"loc":{"start":{"line":54,"column":18},"end":{"line":54,"column":41}},"type":"binary-expr","locations":[{"start":{"line":54,"column":18},"end":{"line":54,"column":34}},{"start":{"line":54,"column":38},"end":{"line":54,"column":41}}],"line":54}},"s":{"0":1,"1":1,"2":1,"3":1,"4":0,"5":0,"6":0,"7":0,"8":1,"9":0,"10":0,"11":0,"12":0,"13":0},"f":{"0":0,"1":0},"b":{"0":[0,0],"1":[0,0]},"_coverageSchema":"1a1c01bbd47fc00a2c39e90264f33305004495a9","hash":"4e3bba381e2ba038b6ccfe2cbe86e20e8c1552f4"}
,"D:\\NodeJs-Projects\\SocialSpot\\src\\controllers\\friend.controller.js": {"path":"D:\\NodeJs-Projects\\SocialSpot\\src\\controllers\\friend.controller.js","statementMap":{"0":{"start":{"line":1,"column":21},"end":{"line":1,"column":39}},"1":{"start":{"line":6,"column":4},"end":{"line":6,"column":40}},"2":{"start":{"line":7,"column":25},"end":{"line":7,"column":57}},"3":{"start":{"line":11,"column":4},"end":{"line":11,"column":37}},"4":{"start":{"line":16,"column":0},"end":{"line":30,"column":2}},"5":{"start":{"line":17,"column":2},"end":{"line":29,"column":3}},"6":{"start":{"line":18,"column":19},"end":{"line":20,"column":34}},"7":{"start":{"line":22,"column":4},"end":{"line":26,"column":7}},"8":{"start":{"line":28,"column":4},"end":{"line":28,"column":67}},"9":{"start":{"line":35,"column":0},"end":{"line":66,"column":2}},"10":{"start":{"line":36,"column":2},"end":{"line":65,"column":3}},"11":{"start":{"line":37,"column":21},"end":{"line":37,"column":54}},"12":{"start":{"line":38,"column":16},"end":{"line":38,"column":37}},"13":{"start":{"line":40,"column":19},"end":{"line":49,"column":5}},"14":{"start":{"line":51,"column":4},"end":{"line":55,"column":6}},"15":{"start":{"line":57,"column":4},"end":{"line":62,"column":7}},"16":{"start":{"line":64,"column":4},"end":{"line":64,"column":67}},"17":{"start":{"line":71,"column":0},"end":{"line":84,"column":2}},"18":{"start":{"line":72,"column":2},"end":{"line":83,"column":3}},"19":{"start":{"line":73,"column":19},"end":{"line":73,"column":47}},"20":{"start":{"line":75,"column":16},"end":{"line":75,"column":37}},"21":{"start":{"line":77,"column":20},"end":{"line":77,"column":75}},"22":{"start":{"line":78,"column":4},"end":{"line":78,"column":25}},"23":{"start":{"line":80,"column":4},"end":{"line":80,"column":52}},"24":{"start":{"line":82,"column":4},"end":{"line":82,"column":67}},"25":{"start":{"line":89,"column":0},"end":{"line":113,"column":2}},"26":{"start":{"line":90,"column":2},"end":{"line":112,"column":3}},"27":{"start":{"line":91,"column":16},"end":{"line":91,"column":37}},"28":{"start":{"line":93,"column":19},"end":{"line":93,"column":47}},"29":{"start":{"line":95,"column":26},"end":{"line":98,"column":6}},"30":{"start":{"line":100,"column":4},"end":{"line":105,"column":7}},"31":{"start":{"line":107,"column":4},"end":{"line":111,"column":7}},"32":{"start":{"line":118,"column":0},"end":{"line":137,"column":2}},"33":{"start":{"line":119,"column":2},"end":{"line":136,"column":3}},"34":{"start":{"line":120,"column":21},"end":{"line":120,"column":54}},"35":{"start":{"line":122,"column":26},"end":{"line":129,"column":6}},"36":{"start":{"line":131,"column":4},"end":{"line":131,"column":70}},"37":{"start":{"line":133,"column":4},"end":{"line":133,"column":58}},"38":{"start":{"line":135,"column":4},"end":{"line":135,"column":67}},"39":{"start":{"line":142,"column":0},"end":{"line":177,"column":2}},"40":{"start":{"line":143,"column":2},"end":{"line":176,"column":3}},"41":{"start":{"line":144,"column":16},"end":{"line":144,"column":37}},"42":{"start":{"line":145,"column":21},"end":{"line":145,"column":54}},"43":{"start":{"line":147,"column":19},"end":{"line":147,"column":47}},"44":{"start":{"line":148,"column":26},"end":{"line":158,"column":6}},"45":{"start":{"line":160,"column":4},"end":{"line":166,"column":5}},"46":{"start":{"line":161,"column":6},"end":{"line":165,"column":9}},"47":{"start":{"line":168,"column":4},"end":{"line":173,"column":7}},"48":{"start":{"line":175,"column":4},"end":{"line":175,"column":67}},"49":{"start":{"line":182,"column":0},"end":{"line":203,"column":2}},"50":{"start":{"line":183,"column":2},"end":{"line":202,"column":3}},"51":{"start":{"line":184,"column":27},"end":{"line":192,"column":16}},"52":{"start":{"line":194,"column":4},"end":{"line":199,"column":7}},"53":{"start":{"line":201,"column":4},"end":{"line":201,"column":67}}},"fnMap":{"0":{"name":"(anonymous_0)","decl":{"start":{"line":16,"column":28},"end":{"line":16,"column":29}},"loc":{"start":{"line":16,"column":43},"end":{"line":30,"column":1}},"line":16},"1":{"name":"(anonymous_1)","decl":{"start":{"line":35,"column":30},"end":{"line":35,"column":31}},"loc":{"start":{"line":35,"column":45},"end":{"line":66,"column":1}},"line":35},"2":{"name":"(anonymous_2)","decl":{"start":{"line":71,"column":21},"end":{"line":71,"column":22}},"loc":{"start":{"line":71,"column":36},"end":{"line":84,"column":1}},"line":71},"3":{"name":"(anonymous_3)","decl":{"start":{"line":89,"column":25},"end":{"line":89,"column":26}},"loc":{"start":{"line":89,"column":40},"end":{"line":113,"column":1}},"line":89},"4":{"name":"(anonymous_4)","decl":{"start":{"line":118,"column":30},"end":{"line":118,"column":31}},"loc":{"start":{"line":118,"column":45},"end":{"line":137,"column":1}},"line":118},"5":{"name":"(anonymous_5)","decl":{"start":{"line":142,"column":23},"end":{"line":142,"column":24}},"loc":{"start":{"line":142,"column":38},"end":{"line":177,"column":1}},"line":142},"6":{"name":"(anonymous_6)","decl":{"start":{"line":182,"column":31},"end":{"line":182,"column":32}},"loc":{"start":{"line":182,"column":46},"end":{"line":203,"column":1}},"line":182}},"branchMap":{"0":{"loc":{"start":{"line":109,"column":18},"end":{"line":109,"column":41}},"type":"binary-expr","locations":[{"start":{"line":109,"column":18},"end":{"line":109,"column":34}},{"start":{"line":109,"column":38},"end":{"line":109,"column":41}}],"line":109},"1":{"loc":{"start":{"line":160,"column":4},"end":{"line":166,"column":5}},"type":"if","locations":[{"start":{"line":160,"column":4},"end":{"line":166,"column":5}},{"start":{},"end":{}}],"line":160}},"s":{"0":1,"1":1,"2":1,"3":1,"4":1,"5":0,"6":0,"7":0,"8":0,"9":1,"10":0,"11":0,"12":0,"13":0,"14":0,"15":0,"16":0,"17":1,"18":0,"19":0,"20":0,"21":0,"22":0,"23":0,"24":0,"25":1,"26":0,"27":0,"28":0,"29":0,"30":0,"31":0,"32":1,"33":0,"34":0,"35":0,"36":0,"37":0,"38":0,"39":1,"40":0,"41":0,"42":0,"43":0,"44":0,"45":0,"46":0,"47":0,"48":0,"49":1,"50":0,"51":0,"52":0,"53":0},"f":{"0":0,"1":0,"2":0,"3":0,"4":0,"5":0,"6":0},"b":{"0":[0,0],"1":[0,0]},"_coverageSchema":"1a1c01bbd47fc00a2c39e90264f33305004495a9","hash":"26c9c0b30bc2b69e17d709a6fde0bba4b98c300a"}
,"D:\\NodeJs-Projects\\SocialSpot\\src\\controllers\\page.controller.js": {"path":"D:\\NodeJs-Projects\\SocialSpot\\src\\controllers\\page.controller.js","statementMap":{"0":{"start":{"line":1,"column":21},"end":{"line":1,"column":39}},"1":{"start":{"line":8,"column":4},"end":{"line":8,"column":38}},"2":{"start":{"line":9,"column":21},"end":{"line":9,"column":54}},"3":{"start":{"line":10,"column":25},"end":{"line":10,"column":57}},"4":{"start":{"line":11,"column":28},"end":{"line":11,"column":64}},"5":{"start":{"line":16,"column":0},"end":{"line":31,"column":2}},"6":{"start":{"line":17,"column":2},"end":{"line":30,"column":3}},"7":{"start":{"line":18,"column":17},"end":{"line":21,"column":6}},"8":{"start":{"line":23,"column":4},"end":{"line":23,"column":75}},"9":{"start":{"line":25,"column":4},"end":{"line":29,"column":7}},"10":{"start":{"line":36,"column":0},"end":{"line":62,"column":2}},"11":{"start":{"line":37,"column":2},"end":{"line":61,"column":3}},"12":{"start":{"line":38,"column":19},"end":{"line":38,"column":36}},"13":{"start":{"line":39,"column":4},"end":{"line":39,"column":54}},"14":{"start":{"line":41,"column":17},"end":{"line":47,"column":7}},"15":{"start":{"line":49,"column":4},"end":{"line":54,"column":7}},"16":{"start":{"line":56,"column":4},"end":{"line":60,"column":7}},"17":{"start":{"line":67,"column":0},"end":{"line":89,"column":2}},"18":{"start":{"line":68,"column":2},"end":{"line":88,"column":3}},"19":{"start":{"line":69,"column":19},"end":{"line":69,"column":36}},"20":{"start":{"line":70,"column":4},"end":{"line":70,"column":54}},"21":{"start":{"line":72,"column":17},"end":{"line":75,"column":6}},"22":{"start":{"line":77,"column":4},"end":{"line":83,"column":5}},"23":{"start":{"line":78,"column":6},"end":{"line":82,"column":9}},"24":{"start":{"line":85,"column":4},"end":{"line":85,"column":75}},"25":{"start":{"line":87,"column":4},"end":{"line":87,"column":67}},"26":{"start":{"line":94,"column":0},"end":{"line":132,"column":2}},"27":{"start":{"line":95,"column":2},"end":{"line":131,"column":3}},"28":{"start":{"line":96,"column":50},"end":{"line":96,"column":66}},"29":{"start":{"line":98,"column":4},"end":{"line":98,"column":33}},"30":{"start":{"line":99,"column":4},"end":{"line":99,"column":40}},"31":{"start":{"line":101,"column":29},"end":{"line":117,"column":5}},"32":{"start":{"line":119,"column":4},"end":{"line":124,"column":7}},"33":{"start":{"line":126,"column":4},"end":{"line":130,"column":7}},"34":{"start":{"line":137,"column":0},"end":{"line":168,"column":2}},"35":{"start":{"line":138,"column":2},"end":{"line":167,"column":3}},"36":{"start":{"line":139,"column":37},"end":{"line":139,"column":53}},"37":{"start":{"line":141,"column":4},"end":{"line":141,"column":33}},"38":{"start":{"line":143,"column":29},"end":{"line":150,"column":5}},"39":{"start":{"line":152,"column":4},"end":{"line":158,"column":5}},"40":{"start":{"line":153,"column":6},"end":{"line":157,"column":9}},"41":{"start":{"line":160,"column":4},"end":{"line":160,"column":75}},"42":{"start":{"line":162,"column":4},"end":{"line":166,"column":7}},"43":{"start":{"line":173,"column":0},"end":{"line":206,"column":2}},"44":{"start":{"line":174,"column":2},"end":{"line":205,"column":3}},"45":{"start":{"line":175,"column":17},"end":{"line":175,"column":34}},"46":{"start":{"line":176,"column":4},"end":{"line":176,"column":42}},"47":{"start":{"line":176,"column":25},"end":{"line":176,"column":42}},"48":{"start":{"line":177,"column":4},"end":{"line":177,"column":79}},"49":{"start":{"line":179,"column":17},"end":{"line":188,"column":5}},"50":{"start":{"line":189,"column":4},"end":{"line":189,"column":45}},"51":{"start":{"line":191,"column":18},"end":{"line":194,"column":16}},"52":{"start":{"line":196,"column":4},"end":{"line":202,"column":7}},"53":{"start":{"line":204,"column":4},"end":{"line":204,"column":67}},"54":{"start":{"line":208,"column":0},"end":{"line":229,"column":2}},"55":{"start":{"line":209,"column":2},"end":{"line":228,"column":3}},"56":{"start":{"line":210,"column":21},"end":{"line":210,"column":31}},"57":{"start":{"line":212,"column":4},"end":{"line":212,"column":67}},"58":{"start":{"line":214,"column":18},"end":{"line":217,"column":6}},"59":{"start":{"line":219,"column":4},"end":{"line":224,"column":7}},"60":{"start":{"line":226,"column":4},"end":{"line":226,"column":23}},"61":{"start":{"line":227,"column":4},"end":{"line":227,"column":67}},"62":{"start":{"line":234,"column":0},"end":{"line":250,"column":2}},"63":{"start":{"line":235,"column":2},"end":{"line":249,"column":3}},"64":{"start":{"line":236,"column":21},"end":{"line":239,"column":6}},"65":{"start":{"line":241,"column":4},"end":{"line":246,"column":7}},"66":{"start":{"line":248,"column":4},"end":{"line":248,"column":67}},"67":{"start":{"line":255,"column":0},"end":{"line":278,"column":2}},"68":{"start":{"line":256,"column":2},"end":{"line":277,"column":3}},"69":{"start":{"line":257,"column":23},"end":{"line":257,"column":39}},"70":{"start":{"line":259,"column":20},"end":{"line":264,"column":7}},"71":{"start":{"line":266,"column":4},"end":{"line":272,"column":5}},"72":{"start":{"line":267,"column":6},"end":{"line":271,"column":9}},"73":{"start":{"line":274,"column":4},"end":{"line":274,"column":72}},"74":{"start":{"line":276,"column":4},"end":{"line":276,"column":67}},"75":{"start":{"line":283,"column":0},"end":{"line":309,"column":2}},"76":{"start":{"line":284,"column":2},"end":{"line":308,"column":3}},"77":{"start":{"line":285,"column":18},"end":{"line":303,"column":16}},"78":{"start":{"line":305,"column":4},"end":{"line":305,"column":77}},"79":{"start":{"line":307,"column":4},"end":{"line":307,"column":67}},"80":{"start":{"line":314,"column":0},"end":{"line":354,"column":2}},"81":{"start":{"line":315,"column":2},"end":{"line":353,"column":3}},"82":{"start":{"line":316,"column":18},"end":{"line":341,"column":16}},"83":{"start":{"line":343,"column":4},"end":{"line":349,"column":7}},"84":{"start":{"line":351,"column":4},"end":{"line":351,"column":23}},"85":{"start":{"line":352,"column":4},"end":{"line":352,"column":67}},"86":{"start":{"line":359,"column":0},"end":{"line":381,"column":2}},"87":{"start":{"line":360,"column":2},"end":{"line":380,"column":3}},"88":{"start":{"line":361,"column":26},"end":{"line":361,"column":42}},"89":{"start":{"line":363,"column":22},"end":{"line":363,"column":37}},"90":{"start":{"line":364,"column":23},"end":{"line":364,"column":42}},"91":{"start":{"line":366,"column":18},"end":{"line":375,"column":16}},"92":{"start":{"line":377,"column":4},"end":{"line":377,"column":77}},"93":{"start":{"line":379,"column":4},"end":{"line":379,"column":67}}},"fnMap":{"0":{"name":"(anonymous_0)","decl":{"start":{"line":16,"column":21},"end":{"line":16,"column":22}},"loc":{"start":{"line":16,"column":36},"end":{"line":31,"column":1}},"line":16},"1":{"name":"(anonymous_1)","decl":{"start":{"line":36,"column":21},"end":{"line":36,"column":22}},"loc":{"start":{"line":36,"column":36},"end":{"line":62,"column":1}},"line":36},"2":{"name":"(anonymous_2)","decl":{"start":{"line":67,"column":21},"end":{"line":67,"column":22}},"loc":{"start":{"line":67,"column":36},"end":{"line":89,"column":1}},"line":67},"3":{"name":"(anonymous_3)","decl":{"start":{"line":94,"column":25},"end":{"line":94,"column":26}},"loc":{"start":{"line":94,"column":40},"end":{"line":132,"column":1}},"line":94},"4":{"name":"(anonymous_4)","decl":{"start":{"line":137,"column":27},"end":{"line":137,"column":28}},"loc":{"start":{"line":137,"column":42},"end":{"line":168,"column":1}},"line":137},"5":{"name":"(anonymous_5)","decl":{"start":{"line":173,"column":26},"end":{"line":173,"column":27}},"loc":{"start":{"line":173,"column":41},"end":{"line":206,"column":1}},"line":173},"6":{"name":"(anonymous_6)","decl":{"start":{"line":208,"column":20},"end":{"line":208,"column":21}},"loc":{"start":{"line":208,"column":35},"end":{"line":229,"column":1}},"line":208},"7":{"name":"(anonymous_7)","decl":{"start":{"line":234,"column":37},"end":{"line":234,"column":38}},"loc":{"start":{"line":234,"column":52},"end":{"line":250,"column":1}},"line":234},"8":{"name":"(anonymous_8)","decl":{"start":{"line":255,"column":36},"end":{"line":255,"column":37}},"loc":{"start":{"line":255,"column":51},"end":{"line":278,"column":1}},"line":255},"9":{"name":"(anonymous_9)","decl":{"start":{"line":283,"column":24},"end":{"line":283,"column":25}},"loc":{"start":{"line":283,"column":39},"end":{"line":309,"column":1}},"line":283},"10":{"name":"(anonymous_10)","decl":{"start":{"line":314,"column":26},"end":{"line":314,"column":27}},"loc":{"start":{"line":314,"column":41},"end":{"line":354,"column":1}},"line":314},"11":{"name":"(anonymous_11)","decl":{"start":{"line":359,"column":22},"end":{"line":359,"column":23}},"loc":{"start":{"line":359,"column":37},"end":{"line":381,"column":1}},"line":359}},"branchMap":{"0":{"loc":{"start":{"line":27,"column":18},"end":{"line":27,"column":41}},"type":"binary-expr","locations":[{"start":{"line":27,"column":18},"end":{"line":27,"column":34}},{"start":{"line":27,"column":38},"end":{"line":27,"column":41}}],"line":27},"1":{"loc":{"start":{"line":77,"column":4},"end":{"line":83,"column":5}},"type":"if","locations":[{"start":{"line":77,"column":4},"end":{"line":83,"column":5}},{"start":{},"end":{}}],"line":77},"2":{"loc":{"start":{"line":128,"column":18},"end":{"line":128,"column":41}},"type":"binary-expr","locations":[{"start":{"line":128,"column":18},"end":{"line":128,"column":34}},{"start":{"line":128,"column":38},"end":{"line":128,"column":41}}],"line":128},"3":{"loc":{"start":{"line":152,"column":4},"end":{"line":158,"column":5}},"type":"if","locations":[{"start":{"line":152,"column":4},"end":{"line":158,"column":5}},{"start":{},"end":{}}],"line":152},"4":{"loc":{"start":{"line":164,"column":18},"end":{"line":164,"column":41}},"type":"binary-expr","locations":[{"start":{"line":164,"column":18},"end":{"line":164,"column":34}},{"start":{"line":164,"column":38},"end":{"line":164,"column":41}}],"line":164},"5":{"loc":{"start":{"line":176,"column":4},"end":{"line":176,"column":42}},"type":"if","locations":[{"start":{"line":176,"column":4},"end":{"line":176,"column":42}},{"start":{},"end":{}}],"line":176},"6":{"loc":{"start":{"line":266,"column":4},"end":{"line":272,"column":5}},"type":"if","locations":[{"start":{"line":266,"column":4},"end":{"line":272,"column":5}},{"start":{},"end":{}}],"line":266},"7":{"loc":{"start":{"line":361,"column":12},"end":{"line":361,"column":21}},"type":"default-arg","locations":[{"start":{"line":361,"column":19},"end":{"line":361,"column":21}}],"line":361}},"s":{"0":1,"1":1,"2":1,"3":1,"4":1,"5":1,"6":0,"7":0,"8":0,"9":0,"10":1,"11":0,"12":0,"13":0,"14":0,"15":0,"16":0,"17":1,"18":0,"19":0,"20":0,"21":0,"22":0,"23":0,"24":0,"25":0,"26":1,"27":0,"28":0,"29":0,"30":0,"31":0,"32":0,"33":0,"34":1,"35":0,"36":0,"37":0,"38":0,"39":0,"40":0,"41":0,"42":0,"43":1,"44":0,"45":0,"46":0,"47":0,"48":0,"49":0,"50":0,"51":0,"52":0,"53":0,"54":1,"55":0,"56":0,"57":0,"58":0,"59":0,"60":0,"61":0,"62":1,"63":0,"64":0,"65":0,"66":0,"67":1,"68":0,"69":0,"70":0,"71":0,"72":0,"73":0,"74":0,"75":1,"76":0,"77":0,"78":0,"79":0,"80":1,"81":0,"82":0,"83":0,"84":0,"85":0,"86":1,"87":0,"88":0,"89":0,"90":0,"91":0,"92":0,"93":0},"f":{"0":0,"1":0,"2":0,"3":0,"4":0,"5":0,"6":0,"7":0,"8":0,"9":0,"10":0,"11":0},"b":{"0":[0,0],"1":[0,0],"2":[0,0],"3":[0,0],"4":[0,0],"5":[0,0],"6":[0,0],"7":[0]},"_coverageSchema":"1a1c01bbd47fc00a2c39e90264f33305004495a9","hash":"c1aa7d3290d873d42d34a11fa104ccc2fe616fcf"}
,"D:\\NodeJs-Projects\\SocialSpot\\src\\controllers\\post.controller.js": {"path":"D:\\NodeJs-Projects\\SocialSpot\\src\\controllers\\post.controller.js","statementMap":{"0":{"start":{"line":1,"column":21},"end":{"line":1,"column":39}},"1":{"start":{"line":2,"column":28},"end":{"line":2,"column":62}},"2":{"start":{"line":8,"column":4},"end":{"line":8,"column":38}},"3":{"start":{"line":9,"column":27},"end":{"line":9,"column":57}},"4":{"start":{"line":10,"column":25},"end":{"line":10,"column":57}},"5":{"start":{"line":11,"column":28},"end":{"line":11,"column":64}},"6":{"start":{"line":16,"column":0},"end":{"line":43,"column":2}},"7":{"start":{"line":17,"column":2},"end":{"line":42,"column":3}},"8":{"start":{"line":18,"column":4},"end":{"line":18,"column":34}},"9":{"start":{"line":19,"column":17},"end":{"line":19,"column":77}},"10":{"start":{"line":21,"column":4},"end":{"line":28,"column":5}},"11":{"start":{"line":22,"column":6},"end":{"line":27,"column":9}},"12":{"start":{"line":30,"column":4},"end":{"line":35,"column":7}},"13":{"start":{"line":37,"column":4},"end":{"line":41,"column":7}},"14":{"start":{"line":48,"column":0},"end":{"line":69,"column":2}},"15":{"start":{"line":49,"column":2},"end":{"line":68,"column":3}},"16":{"start":{"line":50,"column":19},"end":{"line":50,"column":36}},"17":{"start":{"line":52,"column":17},"end":{"line":58,"column":7}},"18":{"start":{"line":60,"column":4},"end":{"line":65,"column":7}},"19":{"start":{"line":67,"column":4},"end":{"line":67,"column":67}},"20":{"start":{"line":74,"column":0},"end":{"line":89,"column":2}},"21":{"start":{"line":75,"column":2},"end":{"line":88,"column":3}},"22":{"start":{"line":76,"column":19},"end":{"line":76,"column":50}},"23":{"start":{"line":78,"column":17},"end":{"line":78,"column":76}},"24":{"start":{"line":80,"column":4},"end":{"line":85,"column":7}},"25":{"start":{"line":87,"column":4},"end":{"line":87,"column":67}},"26":{"start":{"line":94,"column":0},"end":{"line":117,"column":2}},"27":{"start":{"line":95,"column":2},"end":{"line":116,"column":3}},"28":{"start":{"line":96,"column":18},"end":{"line":96,"column":44}},"29":{"start":{"line":97,"column":36},"end":{"line":97,"column":53}},"30":{"start":{"line":99,"column":18},"end":{"line":102,"column":6}},"31":{"start":{"line":104,"column":4},"end":{"line":109,"column":7}},"32":{"start":{"line":111,"column":4},"end":{"line":115,"column":7}},"33":{"start":{"line":122,"column":0},"end":{"line":155,"column":2}},"34":{"start":{"line":123,"column":2},"end":{"line":154,"column":3}},"35":{"start":{"line":124,"column":18},"end":{"line":124,"column":44}},"36":{"start":{"line":125,"column":36},"end":{"line":125,"column":53}},"37":{"start":{"line":127,"column":17},"end":{"line":131,"column":6}},"38":{"start":{"line":133,"column":4},"end":{"line":140,"column":5}},"39":{"start":{"line":134,"column":6},"end":{"line":139,"column":9}},"40":{"start":{"line":142,"column":4},"end":{"line":147,"column":7}},"41":{"start":{"line":149,"column":4},"end":{"line":153,"column":7}},"42":{"start":{"line":162,"column":0},"end":{"line":184,"column":2}},"43":{"start":{"line":163,"column":2},"end":{"line":183,"column":3}},"44":{"start":{"line":164,"column":17},"end":{"line":164,"column":34}},"45":{"start":{"line":165,"column":4},"end":{"line":165,"column":42}},"46":{"start":{"line":165,"column":25},"end":{"line":165,"column":42}},"47":{"start":{"line":166,"column":4},"end":{"line":166,"column":78}},"48":{"start":{"line":168,"column":34},"end":{"line":168,"column":67}},"49":{"start":{"line":170,"column":18},"end":{"line":174,"column":6}},"50":{"start":{"line":176,"column":4},"end":{"line":176,"column":75}},"51":{"start":{"line":178,"column":4},"end":{"line":182,"column":7}},"52":{"start":{"line":189,"column":0},"end":{"line":209,"column":2}},"53":{"start":{"line":190,"column":2},"end":{"line":208,"column":3}},"54":{"start":{"line":191,"column":24},"end":{"line":191,"column":40}},"55":{"start":{"line":193,"column":22},"end":{"line":193,"column":37}},"56":{"start":{"line":194,"column":23},"end":{"line":194,"column":42}},"57":{"start":{"line":196,"column":18},"end":{"line":203,"column":16}},"58":{"start":{"line":205,"column":4},"end":{"line":205,"column":50}},"59":{"start":{"line":207,"column":4},"end":{"line":207,"column":67}}},"fnMap":{"0":{"name":"(anonymous_0)","decl":{"start":{"line":16,"column":21},"end":{"line":16,"column":22}},"loc":{"start":{"line":16,"column":36},"end":{"line":43,"column":1}},"line":16},"1":{"name":"(anonymous_1)","decl":{"start":{"line":48,"column":21},"end":{"line":48,"column":22}},"loc":{"start":{"line":48,"column":36},"end":{"line":69,"column":1}},"line":48},"2":{"name":"(anonymous_2)","decl":{"start":{"line":74,"column":21},"end":{"line":74,"column":22}},"loc":{"start":{"line":74,"column":36},"end":{"line":89,"column":1}},"line":74},"3":{"name":"(anonymous_3)","decl":{"start":{"line":94,"column":30},"end":{"line":94,"column":31}},"loc":{"start":{"line":94,"column":45},"end":{"line":117,"column":1}},"line":94},"4":{"name":"(anonymous_4)","decl":{"start":{"line":122,"column":31},"end":{"line":122,"column":32}},"loc":{"start":{"line":122,"column":46},"end":{"line":155,"column":1}},"line":122},"5":{"name":"(anonymous_5)","decl":{"start":{"line":162,"column":21},"end":{"line":162,"column":22}},"loc":{"start":{"line":162,"column":36},"end":{"line":184,"column":1}},"line":162},"6":{"name":"(anonymous_6)","decl":{"start":{"line":189,"column":21},"end":{"line":189,"column":22}},"loc":{"start":{"line":189,"column":36},"end":{"line":209,"column":1}},"line":189}},"branchMap":{"0":{"loc":{"start":{"line":21,"column":4},"end":{"line":28,"column":5}},"type":"if","locations":[{"start":{"line":21,"column":4},"end":{"line":28,"column":5}},{"start":{},"end":{}}],"line":21},"1":{"loc":{"start":{"line":39,"column":18},"end":{"line":39,"column":41}},"type":"binary-expr","locations":[{"start":{"line":39,"column":18},"end":{"line":39,"column":34}},{"start":{"line":39,"column":38},"end":{"line":39,"column":41}}],"line":39},"2":{"loc":{"start":{"line":40,"column":15},"end":{"line":40,"column":56}},"type":"binary-expr","locations":[{"start":{"line":40,"column":15},"end":{"line":40,"column":28}},{"start":{"line":40,"column":32},"end":{"line":40,"column":56}}],"line":40},"3":{"loc":{"start":{"line":113,"column":18},"end":{"line":113,"column":41}},"type":"binary-expr","locations":[{"start":{"line":113,"column":18},"end":{"line":113,"column":34}},{"start":{"line":113,"column":38},"end":{"line":113,"column":41}}],"line":113},"4":{"loc":{"start":{"line":114,"column":15},"end":{"line":114,"column":56}},"type":"binary-expr","locations":[{"start":{"line":114,"column":15},"end":{"line":114,"column":28}},{"start":{"line":114,"column":32},"end":{"line":114,"column":56}}],"line":114},"5":{"loc":{"start":{"line":133,"column":4},"end":{"line":140,"column":5}},"type":"if","locations":[{"start":{"line":133,"column":4},"end":{"line":140,"column":5}},{"start":{},"end":{}}],"line":133},"6":{"loc":{"start":{"line":151,"column":18},"end":{"line":151,"column":41}},"type":"binary-expr","locations":[{"start":{"line":151,"column":18},"end":{"line":151,"column":34}},{"start":{"line":151,"column":38},"end":{"line":151,"column":41}}],"line":151},"7":{"loc":{"start":{"line":152,"column":15},"end":{"line":152,"column":56}},"type":"binary-expr","locations":[{"start":{"line":152,"column":15},"end":{"line":152,"column":28}},{"start":{"line":152,"column":32},"end":{"line":152,"column":56}}],"line":152},"8":{"loc":{"start":{"line":165,"column":4},"end":{"line":165,"column":42}},"type":"if","locations":[{"start":{"line":165,"column":4},"end":{"line":165,"column":42}},{"start":{},"end":{}}],"line":165},"9":{"loc":{"start":{"line":180,"column":18},"end":{"line":180,"column":41}},"type":"binary-expr","locations":[{"start":{"line":180,"column":18},"end":{"line":180,"column":34}},{"start":{"line":180,"column":38},"end":{"line":180,"column":41}}],"line":180},"10":{"loc":{"start":{"line":181,"column":15},"end":{"line":181,"column":56}},"type":"binary-expr","locations":[{"start":{"line":181,"column":15},"end":{"line":181,"column":28}},{"start":{"line":181,"column":32},"end":{"line":181,"column":56}}],"line":181},"11":{"loc":{"start":{"line":191,"column":10},"end":{"line":191,"column":19}},"type":"default-arg","locations":[{"start":{"line":191,"column":17},"end":{"line":191,"column":19}}],"line":191}},"s":{"0":1,"1":1,"2":1,"3":1,"4":1,"5":1,"6":1,"7":0,"8":0,"9":0,"10":0,"11":0,"12":0,"13":0,"14":1,"15":0,"16":0,"17":0,"18":0,"19":0,"20":1,"21":0,"22":0,"23":0,"24":0,"25":0,"26":1,"27":0,"28":0,"29":0,"30":0,"31":0,"32":0,"33":1,"34":0,"35":0,"36":0,"37":0,"38":0,"39":0,"40":0,"41":0,"42":1,"43":0,"44":0,"45":0,"46":0,"47":0,"48":0,"49":0,"50":0,"51":0,"52":1,"53":0,"54":0,"55":0,"56":0,"57":0,"58":0,"59":0},"f":{"0":0,"1":0,"2":0,"3":0,"4":0,"5":0,"6":0},"b":{"0":[0,0],"1":[0,0],"2":[0,0],"3":[0,0],"4":[0,0],"5":[0,0],"6":[0,0],"7":[0,0],"8":[0,0],"9":[0,0],"10":[0,0],"11":[0]},"_coverageSchema":"1a1c01bbd47fc00a2c39e90264f33305004495a9","hash":"e6ec5b82bbf0568e42eec425f3d9fc26e6ad6fb2"}
,"D:\\NodeJs-Projects\\SocialSpot\\src\\controllers\\reaction.controller.js": {"path":"D:\\NodeJs-Projects\\SocialSpot\\src\\controllers\\reaction.controller.js","statementMap":{"0":{"start":{"line":1,"column":21},"end":{"line":1,"column":36}},"1":{"start":{"line":2,"column":25},"end":{"line":2,"column":57}},"2":{"start":{"line":7,"column":0},"end":{"line":36,"column":2}},"3":{"start":{"line":8,"column":2},"end":{"line":35,"column":3}},"4":{"start":{"line":9,"column":34},"end":{"line":9,"column":50}},"5":{"start":{"line":11,"column":21},"end":{"line":14,"column":5}},"6":{"start":{"line":15,"column":4},"end":{"line":16,"column":35}},"7":{"start":{"line":15,"column":19},"end":{"line":15,"column":64}},"8":{"start":{"line":16,"column":9},"end":{"line":16,"column":35}},"9":{"start":{"line":18,"column":21},"end":{"line":24,"column":7}},"10":{"start":{"line":26,"column":4},"end":{"line":26,"column":34}},"11":{"start":{"line":27,"column":4},"end":{"line":32,"column":7}},"12":{"start":{"line":34,"column":4},"end":{"line":34,"column":67}},"13":{"start":{"line":41,"column":0},"end":{"line":72,"column":2}},"14":{"start":{"line":42,"column":2},"end":{"line":71,"column":3}},"15":{"start":{"line":43,"column":34},"end":{"line":43,"column":50}},"16":{"start":{"line":45,"column":21},"end":{"line":48,"column":5}},"17":{"start":{"line":49,"column":4},"end":{"line":50,"column":35}},"18":{"start":{"line":49,"column":19},"end":{"line":49,"column":64}},"19":{"start":{"line":50,"column":9},"end":{"line":50,"column":35}},"20":{"start":{"line":52,"column":21},"end":{"line":54,"column":33}},"21":{"start":{"line":56,"column":4},"end":{"line":62,"column":5}},"22":{"start":{"line":57,"column":6},"end":{"line":61,"column":9}},"23":{"start":{"line":63,"column":4},"end":{"line":68,"column":7}},"24":{"start":{"line":70,"column":4},"end":{"line":70,"column":67}}},"fnMap":{"0":{"name":"(anonymous_0)","decl":{"start":{"line":7,"column":15},"end":{"line":7,"column":16}},"loc":{"start":{"line":7,"column":30},"end":{"line":36,"column":1}},"line":7},"1":{"name":"(anonymous_1)","decl":{"start":{"line":41,"column":17},"end":{"line":41,"column":18}},"loc":{"start":{"line":41,"column":32},"end":{"line":72,"column":1}},"line":41}},"branchMap":{"0":{"loc":{"start":{"line":15,"column":4},"end":{"line":16,"column":35}},"type":"if","locations":[{"start":{"line":15,"column":4},"end":{"line":16,"column":35}},{"start":{"line":16,"column":9},"end":{"line":16,"column":35}}],"line":15},"1":{"loc":{"start":{"line":49,"column":4},"end":{"line":50,"column":35}},"type":"if","locations":[{"start":{"line":49,"column":4},"end":{"line":50,"column":35}},{"start":{"line":50,"column":9},"end":{"line":50,"column":35}}],"line":49},"2":{"loc":{"start":{"line":56,"column":4},"end":{"line":62,"column":5}},"type":"if","locations":[{"start":{"line":56,"column":4},"end":{"line":62,"column":5}},{"start":{},"end":{}}],"line":56}},"s":{"0":1,"1":1,"2":1,"3":0,"4":0,"5":0,"6":0,"7":0,"8":0,"9":0,"10":0,"11":0,"12":0,"13":1,"14":0,"15":0,"16":0,"17":0,"18":0,"19":0,"20":0,"21":0,"22":0,"23":0,"24":0},"f":{"0":0,"1":0},"b":{"0":[0,0],"1":[0,0],"2":[0,0]},"_coverageSchema":"1a1c01bbd47fc00a2c39e90264f33305004495a9","hash":"7517ad8955885532df1f36539f17297eb65efd3e"}
,"D:\\NodeJs-Projects\\SocialSpot\\src\\controllers\\user.controller.js": {"path":"D:\\NodeJs-Projects\\SocialSpot\\src\\controllers\\user.controller.js","statementMap":{"0":{"start":{"line":1,"column":21},"end":{"line":1,"column":39}},"1":{"start":{"line":2,"column":21},"end":{"line":2,"column":51}},"2":{"start":{"line":4,"column":25},"end":{"line":4,"column":57}},"3":{"start":{"line":9,"column":0},"end":{"line":35,"column":2}},"4":{"start":{"line":10,"column":2},"end":{"line":34,"column":3}},"5":{"start":{"line":11,"column":17},"end":{"line":24,"column":5}},"6":{"start":{"line":25,"column":4},"end":{"line":30,"column":7}},"7":{"start":{"line":32,"column":4},"end":{"line":32,"column":23}},"8":{"start":{"line":33,"column":4},"end":{"line":33,"column":65}},"9":{"start":{"line":40,"column":0},"end":{"line":61,"column":2}},"10":{"start":{"line":41,"column":2},"end":{"line":60,"column":3}},"11":{"start":{"line":42,"column":17},"end":{"line":42,"column":49}},"12":{"start":{"line":43,"column":17},"end":{"line":54,"column":5}},"13":{"start":{"line":55,"column":4},"end":{"line":55,"column":44}},"14":{"start":{"line":57,"column":4},"end":{"line":57,"column":75}},"15":{"start":{"line":59,"column":4},"end":{"line":59,"column":65}},"16":{"start":{"line":66,"column":0},"end":{"line":132,"column":2}},"17":{"start":{"line":67,"column":2},"end":{"line":131,"column":3}},"18":{"start":{"line":68,"column":26},"end":{"line":68,"column":42}},"19":{"start":{"line":69,"column":36},"end":{"line":69,"column":45}},"20":{"start":{"line":70,"column":4},"end":{"line":70,"column":37}},"21":{"start":{"line":94,"column":18},"end":{"line":126,"column":16}},"22":{"start":{"line":128,"column":4},"end":{"line":128,"column":50}},"23":{"start":{"line":130,"column":4},"end":{"line":130,"column":65}}},"fnMap":{"0":{"name":"(anonymous_0)","decl":{"start":{"line":9,"column":21},"end":{"line":9,"column":22}},"loc":{"start":{"line":9,"column":36},"end":{"line":35,"column":1}},"line":9},"1":{"name":"(anonymous_1)","decl":{"start":{"line":40,"column":21},"end":{"line":40,"column":22}},"loc":{"start":{"line":40,"column":36},"end":{"line":61,"column":1}},"line":40},"2":{"name":"(anonymous_2)","decl":{"start":{"line":66,"column":22},"end":{"line":66,"column":23}},"loc":{"start":{"line":66,"column":37},"end":{"line":132,"column":1}},"line":66}},"branchMap":{"0":{"loc":{"start":{"line":68,"column":12},"end":{"line":68,"column":21}},"type":"default-arg","locations":[{"start":{"line":68,"column":19},"end":{"line":68,"column":21}}],"line":68}},"s":{"0":1,"1":1,"2":1,"3":1,"4":0,"5":0,"6":0,"7":0,"8":0,"9":1,"10":0,"11":0,"12":0,"13":0,"14":0,"15":0,"16":1,"17":0,"18":0,"19":0,"20":0,"21":0,"22":0,"23":0},"f":{"0":0,"1":0,"2":0},"b":{"0":[0]},"_coverageSchema":"1a1c01bbd47fc00a2c39e90264f33305004495a9","hash":"0d73670babcb7c79150a8ecb3b66f2aafb063017"}
,"D:\\NodeJs-Projects\\SocialSpot\\src\\middlewares\\checkAuth.js": {"path":"D:\\NodeJs-Projects\\SocialSpot\\src\\middlewares\\checkAuth.js","statementMap":{"0":{"start":{"line":1,"column":21},"end":{"line":1,"column":39}},"1":{"start":{"line":3,"column":25},"end":{"line":3,"column":57}},"2":{"start":{"line":4,"column":24},"end":{"line":4,"column":49}},"3":{"start":{"line":6,"column":0},"end":{"line":38,"column":2}},"4":{"start":{"line":7,"column":2},"end":{"line":37,"column":3}},"5":{"start":{"line":8,"column":18},"end":{"line":8,"column":57}},"6":{"start":{"line":9,"column":4},"end":{"line":9,"column":51}},"7":{"start":{"line":11,"column":20},"end":{"line":11,"column":38}},"8":{"start":{"line":13,"column":17},"end":{"line":13,"column":49}},"9":{"start":{"line":14,"column":17},"end":{"line":25,"column":5}},"10":{"start":{"line":27,"column":4},"end":{"line":27,"column":40}},"11":{"start":{"line":28,"column":4},"end":{"line":28,"column":20}},"12":{"start":{"line":30,"column":4},"end":{"line":30,"column":50}},"13":{"start":{"line":31,"column":4},"end":{"line":31,"column":67}},"14":{"start":{"line":33,"column":4},"end":{"line":33,"column":17}},"15":{"start":{"line":35,"column":4},"end":{"line":35,"column":23}},"16":{"start":{"line":36,"column":4},"end":{"line":36,"column":65}}},"fnMap":{"0":{"name":"(anonymous_0)","decl":{"start":{"line":6,"column":20},"end":{"line":6,"column":21}},"loc":{"start":{"line":6,"column":41},"end":{"line":38,"column":1}},"line":6}},"branchMap":{},"s":{"0":1,"1":1,"2":1,"3":1,"4":0,"5":0,"6":0,"7":0,"8":0,"9":0,"10":0,"11":0,"12":0,"13":0,"14":0,"15":0,"16":0},"f":{"0":0},"b":{},"_coverageSchema":"1a1c01bbd47fc00a2c39e90264f33305004495a9","hash":"37b87b67f03cf6608c95a1b5e82d5631ba2eb0d9"}
,"D:\\NodeJs-Projects\\SocialSpot\\src\\middlewares\\checkPermission.js": {"path":"D:\\NodeJs-Projects\\SocialSpot\\src\\middlewares\\checkPermission.js","statementMap":{"0":{"start":{"line":1,"column":21},"end":{"line":1,"column":39}},"1":{"start":{"line":3,"column":25},"end":{"line":3,"column":57}},"2":{"start":{"line":6,"column":0},"end":{"line":49,"column":2}},"3":{"start":{"line":7,"column":2},"end":{"line":48,"column":3}},"4":{"start":{"line":8,"column":23},"end":{"line":8,"column":39}},"5":{"start":{"line":11,"column":4},"end":{"line":13,"column":5}},"6":{"start":{"line":12,"column":6},"end":{"line":12,"column":26}},"7":{"start":{"line":15,"column":17},"end":{"line":17,"column":6}},"8":{"start":{"line":19,"column":4},"end":{"line":19,"column":45}},"9":{"start":{"line":20,"column":4},"end":{"line":22,"column":5}},"10":{"start":{"line":21,"column":6},"end":{"line":21,"column":26}},"11":{"start":{"line":24,"column":23},"end":{"line":27,"column":6}},"12":{"start":{"line":29,"column":4},"end":{"line":33,"column":6}},"13":{"start":{"line":34,"column":4},"end":{"line":40,"column":5}},"14":{"start":{"line":35,"column":6},"end":{"line":39,"column":9}},"15":{"start":{"line":42,"column":4},"end":{"line":42,"column":40}},"16":{"start":{"line":43,"column":4},"end":{"line":43,"column":54}},"17":{"start":{"line":44,"column":4},"end":{"line":44,"column":51}},"18":{"start":{"line":45,"column":4},"end":{"line":45,"column":17}},"19":{"start":{"line":47,"column":4},"end":{"line":47,"column":65}},"20":{"start":{"line":52,"column":0},"end":{"line":129,"column":2}},"21":{"start":{"line":53,"column":2},"end":{"line":128,"column":3}},"22":{"start":{"line":54,"column":19},"end":{"line":54,"column":36}},"23":{"start":{"line":58,"column":17},"end":{"line":100,"column":16}},"24":{"start":{"line":102,"column":4},"end":{"line":102,"column":52}},"25":{"start":{"line":104,"column":23},"end":{"line":107,"column":6}},"26":{"start":{"line":109,"column":4},"end":{"line":111,"column":5}},"27":{"start":{"line":110,"column":6},"end":{"line":110,"column":26}},"28":{"start":{"line":112,"column":4},"end":{"line":114,"column":5}},"29":{"start":{"line":113,"column":6},"end":{"line":113,"column":26}},"30":{"start":{"line":116,"column":4},"end":{"line":122,"column":5}},"31":{"start":{"line":117,"column":6},"end":{"line":121,"column":9}},"32":{"start":{"line":124,"column":4},"end":{"line":124,"column":17}},"33":{"start":{"line":126,"column":4},"end":{"line":126,"column":23}},"34":{"start":{"line":127,"column":4},"end":{"line":127,"column":65}},"35":{"start":{"line":132,"column":0},"end":{"line":207,"column":2}},"36":{"start":{"line":133,"column":2},"end":{"line":206,"column":3}},"37":{"start":{"line":134,"column":19},"end":{"line":134,"column":36}},"38":{"start":{"line":136,"column":17},"end":{"line":178,"column":16}},"39":{"start":{"line":180,"column":4},"end":{"line":180,"column":52}},"40":{"start":{"line":182,"column":23},"end":{"line":185,"column":6}},"41":{"start":{"line":187,"column":4},"end":{"line":189,"column":5}},"42":{"start":{"line":188,"column":6},"end":{"line":188,"column":26}},"43":{"start":{"line":190,"column":4},"end":{"line":192,"column":5}},"44":{"start":{"line":191,"column":6},"end":{"line":191,"column":26}},"45":{"start":{"line":194,"column":4},"end":{"line":200,"column":5}},"46":{"start":{"line":195,"column":6},"end":{"line":199,"column":9}},"47":{"start":{"line":202,"column":4},"end":{"line":202,"column":17}},"48":{"start":{"line":204,"column":4},"end":{"line":204,"column":23}},"49":{"start":{"line":205,"column":4},"end":{"line":205,"column":65}}},"fnMap":{"0":{"name":"(anonymous_0)","decl":{"start":{"line":6,"column":32},"end":{"line":6,"column":33}},"loc":{"start":{"line":6,"column":53},"end":{"line":49,"column":1}},"line":6},"1":{"name":"(anonymous_1)","decl":{"start":{"line":52,"column":32},"end":{"line":52,"column":33}},"loc":{"start":{"line":52,"column":53},"end":{"line":129,"column":1}},"line":52},"2":{"name":"(anonymous_2)","decl":{"start":{"line":132,"column":32},"end":{"line":132,"column":33}},"loc":{"start":{"line":132,"column":53},"end":{"line":207,"column":1}},"line":132}},"branchMap":{"0":{"loc":{"start":{"line":11,"column":4},"end":{"line":13,"column":5}},"type":"if","locations":[{"start":{"line":11,"column":4},"end":{"line":13,"column":5}},{"start":{},"end":{}}],"line":11},"1":{"loc":{"start":{"line":20,"column":4},"end":{"line":22,"column":5}},"type":"if","locations":[{"start":{"line":20,"column":4},"end":{"line":22,"column":5}},{"start":{},"end":{}}],"line":20},"2":{"loc":{"start":{"line":34,"column":4},"end":{"line":40,"column":5}},"type":"if","locations":[{"start":{"line":34,"column":4},"end":{"line":40,"column":5}},{"start":{},"end":{}}],"line":34},"3":{"loc":{"start":{"line":109,"column":4},"end":{"line":111,"column":5}},"type":"if","locations":[{"start":{"line":109,"column":4},"end":{"line":111,"column":5}},{"start":{},"end":{}}],"line":109},"4":{"loc":{"start":{"line":112,"column":4},"end":{"line":114,"column":5}},"type":"if","locations":[{"start":{"line":112,"column":4},"end":{"line":114,"column":5}},{"start":{},"end":{}}],"line":112},"5":{"loc":{"start":{"line":112,"column":8},"end":{"line":112,"column":77}},"type":"binary-expr","locations":[{"start":{"line":112,"column":8},"end":{"line":112,"column":23}},{"start":{"line":112,"column":27},"end":{"line":112,"column":77}}],"line":112},"6":{"loc":{"start":{"line":116,"column":4},"end":{"line":122,"column":5}},"type":"if","locations":[{"start":{"line":116,"column":4},"end":{"line":122,"column":5}},{"start":{},"end":{}}],"line":116},"7":{"loc":{"start":{"line":187,"column":4},"end":{"line":189,"column":5}},"type":"if","locations":[{"start":{"line":187,"column":4},"end":{"line":189,"column":5}},{"start":{},"end":{}}],"line":187},"8":{"loc":{"start":{"line":190,"column":4},"end":{"line":192,"column":5}},"type":"if","locations":[{"start":{"line":190,"column":4},"end":{"line":192,"column":5}},{"start":{},"end":{}}],"line":190},"9":{"loc":{"start":{"line":190,"column":8},"end":{"line":190,"column":77}},"type":"binary-expr","locations":[{"start":{"line":190,"column":8},"end":{"line":190,"column":23}},{"start":{"line":190,"column":27},"end":{"line":190,"column":77}}],"line":190},"10":{"loc":{"start":{"line":194,"column":4},"end":{"line":200,"column":5}},"type":"if","locations":[{"start":{"line":194,"column":4},"end":{"line":200,"column":5}},{"start":{},"end":{}}],"line":194}},"s":{"0":1,"1":1,"2":1,"3":0,"4":0,"5":0,"6":0,"7":0,"8":0,"9":0,"10":0,"11":0,"12":0,"13":0,"14":0,"15":0,"16":0,"17":0,"18":0,"19":0,"20":1,"21":0,"22":0,"23":0,"24":0,"25":0,"26":0,"27":0,"28":0,"29":0,"30":0,"31":0,"32":0,"33":0,"34":0,"35":1,"36":0,"37":0,"38":0,"39":0,"40":0,"41":0,"42":0,"43":0,"44":0,"45":0,"46":0,"47":0,"48":0,"49":0},"f":{"0":0,"1":0,"2":0},"b":{"0":[0,0],"1":[0,0],"2":[0,0],"3":[0,0],"4":[0,0],"5":[0,0],"6":[0,0],"7":[0,0],"8":[0,0],"9":[0,0],"10":[0,0]},"_coverageSchema":"1a1c01bbd47fc00a2c39e90264f33305004495a9","hash":"157eeede05972ac85dda8404f5fac85ca727d262"}
,"D:\\NodeJs-Projects\\SocialSpot\\src\\models\\Comments.js": {"path":"D:\\NodeJs-Projects\\SocialSpot\\src\\models\\Comments.js","statementMap":{"0":{"start":{"line":1,"column":0},"end":{"line":28,"column":2}}},"fnMap":{},"branchMap":{},"s":{"0":1},"f":{},"b":{},"_coverageSchema":"1a1c01bbd47fc00a2c39e90264f33305004495a9","hash":"00018c38ca8f4841aac1696a64cb9bdcb4f6f623"}
,"D:\\NodeJs-Projects\\SocialSpot\\src\\models\\Connections.js": {"path":"D:\\NodeJs-Projects\\SocialSpot\\src\\models\\Connections.js","statementMap":{"0":{"start":{"line":1,"column":0},"end":{"line":20,"column":2}}},"fnMap":{},"branchMap":{},"s":{"0":1},"f":{},"b":{},"_coverageSchema":"1a1c01bbd47fc00a2c39e90264f33305004495a9","hash":"af2acfe6c41213a061c341829ab7d36c2e1034df"}
,"D:\\NodeJs-Projects\\SocialSpot\\src\\models\\Friends.js": {"path":"D:\\NodeJs-Projects\\SocialSpot\\src\\models\\Friends.js","statementMap":{"0":{"start":{"line":1,"column":0},"end":{"line":22,"column":2}}},"fnMap":{},"branchMap":{},"s":{"0":1},"f":{},"b":{},"_coverageSchema":"1a1c01bbd47fc00a2c39e90264f33305004495a9","hash":"6628ccef716ed2f7ae8bf874e4d14a415215da17"}
,"D:\\NodeJs-Projects\\SocialSpot\\src\\models\\Page.js": {"path":"D:\\NodeJs-Projects\\SocialSpot\\src\\models\\Page.js","statementMap":{"0":{"start":{"line":1,"column":0},"end":{"line":34,"column":2}}},"fnMap":{},"branchMap":{},"s":{"0":1},"f":{},"b":{},"_coverageSchema":"1a1c01bbd47fc00a2c39e90264f33305004495a9","hash":"885f7ca53515226c91553b719064a42e8bf8ec55"}
,"D:\\NodeJs-Projects\\SocialSpot\\src\\models\\Permissions.js": {"path":"D:\\NodeJs-Projects\\SocialSpot\\src\\models\\Permissions.js","statementMap":{"0":{"start":{"line":1,"column":0},"end":{"line":30,"column":2}}},"fnMap":{},"branchMap":{},"s":{"0":1},"f":{},"b":{},"_coverageSchema":"1a1c01bbd47fc00a2c39e90264f33305004495a9","hash":"6c989ac943a95fc80672b183af6ea5b76a6c68c8"}
,"D:\\NodeJs-Projects\\SocialSpot\\src\\models\\Posts.js": {"path":"D:\\NodeJs-Projects\\SocialSpot\\src\\models\\Posts.js","statementMap":{"0":{"start":{"line":1,"column":0},"end":{"line":54,"column":2}}},"fnMap":{},"branchMap":{},"s":{"0":1},"f":{},"b":{},"_coverageSchema":"1a1c01bbd47fc00a2c39e90264f33305004495a9","hash":"b09ec6fcdb92748a7f0b7e71c15937d7c79638ab"}
,"D:\\NodeJs-Projects\\SocialSpot\\src\\models\\Reactions.js": {"path":"D:\\NodeJs-Projects\\SocialSpot\\src\\models\\Reactions.js","statementMap":{"0":{"start":{"line":1,"column":0},"end":{"line":27,"column":2}}},"fnMap":{},"branchMap":{},"s":{"0":1},"f":{},"b":{},"_coverageSchema":"1a1c01bbd47fc00a2c39e90264f33305004495a9","hash":"cbed30ca2e10d43ca821cfb23ff385583e640fd5"}
,"D:\\NodeJs-Projects\\SocialSpot\\src\\models\\Users.js": {"path":"D:\\NodeJs-Projects\\SocialSpot\\src\\models\\Users.js","statementMap":{"0":{"start":{"line":6,"column":4},"end":{"line":6,"column":40}},"1":{"start":{"line":8,"column":0},"end":{"line":141,"column":2}}},"fnMap":{},"branchMap":{},"s":{"0":1,"1":1},"f":{},"b":{},"_coverageSchema":"1a1c01bbd47fc00a2c39e90264f33305004495a9","hash":"4d13f687b928395d3deeb57ee2ef6bd50e067c42"}
,"D:\\NodeJs-Projects\\SocialSpot\\src\\queries\\connection.queries.js": {"path":"D:\\NodeJs-Projects\\SocialSpot\\src\\queries\\connection.queries.js","statementMap":{"0":{"start":{"line":1,"column":0},"end":{"line":2,"column":33}},"1":{"start":{"line":2,"column":2},"end":{"line":2,"column":32}},"2":{"start":{"line":4,"column":0},"end":{"line":5,"column":32}},"3":{"start":{"line":5,"column":2},"end":{"line":5,"column":31}}},"fnMap":{"0":{"name":"(anonymous_0)","decl":{"start":{"line":1,"column":21},"end":{"line":1,"column":22}},"loc":{"start":{"line":2,"column":2},"end":{"line":2,"column":32}},"line":2},"1":{"name":"(anonymous_1)","decl":{"start":{"line":4,"column":23},"end":{"line":4,"column":24}},"loc":{"start":{"line":5,"column":2},"end":{"line":5,"column":31}},"line":5}},"branchMap":{},"s":{"0":1,"1":0,"2":1,"3":0},"f":{"0":0,"1":0},"b":{},"_coverageSchema":"1a1c01bbd47fc00a2c39e90264f33305004495a9","hash":"3e6ba49f10d46969139e7dd240c4cda54c16898c"}
,"D:\\NodeJs-Projects\\SocialSpot\\src\\queries\\friend.queries.js": {"path":"D:\\NodeJs-Projects\\SocialSpot\\src\\queries\\friend.queries.js","statementMap":{"0":{"start":{"line":1,"column":21},"end":{"line":1,"column":54}},"1":{"start":{"line":4,"column":0},"end":{"line":9,"column":9}},"2":{"start":{"line":12,"column":0},"end":{"line":91,"column":2}},"3":{"start":{"line":13,"column":18},"end":{"line":13,"column":24}},"4":{"start":{"line":14,"column":2},"end":{"line":90,"column":15}},"5":{"start":{"line":94,"column":0},"end":{"line":144,"column":2}},"6":{"start":{"line":100,"column":18},"end":{"line":100,"column":24}},"7":{"start":{"line":102,"column":2},"end":{"line":143,"column":15}}},"fnMap":{"0":{"name":"(anonymous_0)","decl":{"start":{"line":4,"column":33},"end":{"line":4,"column":34}},"loc":{"start":{"line":9,"column":6},"end":{"line":9,"column":8}},"line":9},"1":{"name":"(anonymous_1)","decl":{"start":{"line":12,"column":31},"end":{"line":12,"column":32}},"loc":{"start":{"line":12,"column":76},"end":{"line":91,"column":1}},"line":12},"2":{"name":"(anonymous_2)","decl":{"start":{"line":94,"column":35},"end":{"line":94,"column":36}},"loc":{"start":{"line":99,"column":6},"end":{"line":144,"column":1}},"line":99}},"branchMap":{},"s":{"0":1,"1":1,"2":1,"3":0,"4":0,"5":1,"6":0,"7":0},"f":{"0":0,"1":0,"2":0},"b":{},"_coverageSchema":"1a1c01bbd47fc00a2c39e90264f33305004495a9","hash":"d05d7f4e245b9d8e2899612b249300f6fc440555"}
,"D:\\NodeJs-Projects\\SocialSpot\\src\\queries\\page.queries.js": {"path":"D:\\NodeJs-Projects\\SocialSpot\\src\\queries\\page.queries.js","statementMap":{"0":{"start":{"line":5,"column":4},"end":{"line":5,"column":37}},"1":{"start":{"line":6,"column":27},"end":{"line":6,"column":57}},"2":{"start":{"line":8,"column":0},"end":{"line":9,"column":27}},"3":{"start":{"line":9,"column":2},"end":{"line":9,"column":26}},"4":{"start":{"line":11,"column":0},"end":{"line":12,"column":53}},"5":{"start":{"line":12,"column":2},"end":{"line":12,"column":52}},"6":{"start":{"line":14,"column":0},"end":{"line":71,"column":15}},"7":{"start":{"line":20,"column":2},"end":{"line":71,"column":14}},"8":{"start":{"line":73,"column":0},"end":{"line":201,"column":2}},"9":{"start":{"line":75,"column":2},"end":{"line":200,"column":15}}},"fnMap":{"0":{"name":"(anonymous_0)","decl":{"start":{"line":8,"column":26},"end":{"line":8,"column":27}},"loc":{"start":{"line":9,"column":2},"end":{"line":9,"column":26}},"line":9},"1":{"name":"(anonymous_1)","decl":{"start":{"line":11,"column":25},"end":{"line":11,"column":26}},"loc":{"start":{"line":12,"column":2},"end":{"line":12,"column":52}},"line":12},"2":{"name":"(anonymous_2)","decl":{"start":{"line":14,"column":42},"end":{"line":14,"column":43}},"loc":{"start":{"line":20,"column":2},"end":{"line":71,"column":14}},"line":20},"3":{"name":"(anonymous_3)","decl":{"start":{"line":73,"column":29},"end":{"line":73,"column":30}},"loc":{"start":{"line":73,"column":73},"end":{"line":201,"column":1}},"line":73}},"branchMap":{},"s":{"0":1,"1":1,"2":1,"3":0,"4":1,"5":0,"6":1,"7":0,"8":1,"9":0},"f":{"0":0,"1":0,"2":0,"3":0},"b":{},"_coverageSchema":"1a1c01bbd47fc00a2c39e90264f33305004495a9","hash":"0a71649b6045bb84e300158a9ada34f7ecdd838c"}
,"D:\\NodeJs-Projects\\SocialSpot\\src\\queries\\post.queries.js": {"path":"D:\\NodeJs-Projects\\SocialSpot\\src\\queries\\post.queries.js","statementMap":{"0":{"start":{"line":6,"column":4},"end":{"line":6,"column":37}},"1":{"start":{"line":7,"column":27},"end":{"line":7,"column":57}},"2":{"start":{"line":10,"column":0},"end":{"line":88,"column":2}},"3":{"start":{"line":11,"column":32},"end":{"line":11,"column":58}},"4":{"start":{"line":13,"column":2},"end":{"line":87,"column":15}},"5":{"start":{"line":91,"column":0},"end":{"line":274,"column":2}},"6":{"start":{"line":92,"column":32},"end":{"line":92,"column":58}},"7":{"start":{"line":93,"column":2},"end":{"line":273,"column":15}},"8":{"start":{"line":278,"column":0},"end":{"line":330,"column":2}},"9":{"start":{"line":279,"column":32},"end":{"line":279,"column":58}},"10":{"start":{"line":280,"column":2},"end":{"line":329,"column":15}}},"fnMap":{"0":{"name":"(anonymous_0)","decl":{"start":{"line":10,"column":32},"end":{"line":10,"column":33}},"loc":{"start":{"line":10,"column":76},"end":{"line":88,"column":1}},"line":10},"1":{"name":"(anonymous_1)","decl":{"start":{"line":91,"column":33},"end":{"line":91,"column":34}},"loc":{"start":{"line":91,"column":77},"end":{"line":274,"column":1}},"line":91},"2":{"name":"(anonymous_2)","decl":{"start":{"line":278,"column":26},"end":{"line":278,"column":27}},"loc":{"start":{"line":278,"column":70},"end":{"line":330,"column":1}},"line":278}},"branchMap":{},"s":{"0":1,"1":1,"2":1,"3":0,"4":0,"5":1,"6":0,"7":0,"8":1,"9":0,"10":0},"f":{"0":0,"1":0,"2":0},"b":{},"_coverageSchema":"1a1c01bbd47fc00a2c39e90264f33305004495a9","hash":"67d5b51f4cb7072cdaf1bb5ef3b843b6a3e362b9"}
,"D:\\NodeJs-Projects\\SocialSpot\\src\\routers\\auth.router.js": {"path":"D:\\NodeJs-Projects\\SocialSpot\\src\\routers\\auth.router.js","statementMap":{"0":{"start":{"line":1,"column":18},"end":{"line":1,"column":39}},"1":{"start":{"line":2,"column":15},"end":{"line":2,"column":49}},"2":{"start":{"line":8,"column":4},"end":{"line":8,"column":45}},"3":{"start":{"line":12,"column":4},"end":{"line":12,"column":44}},"4":{"start":{"line":15,"column":0},"end":{"line":15,"column":55}},"5":{"start":{"line":18,"column":0},"end":{"line":18,"column":46}},"6":{"start":{"line":21,"column":0},"end":{"line":21,"column":46}},"7":{"start":{"line":23,"column":0},"end":{"line":23,"column":24}}},"fnMap":{},"branchMap":{},"s":{"0":1,"1":1,"2":1,"3":1,"4":1,"5":1,"6":1,"7":1},"f":{},"b":{},"_coverageSchema":"1a1c01bbd47fc00a2c39e90264f33305004495a9","hash":"bd4259a2dc51ba82f95a7944a7e9277dd93264d2"}
,"D:\\NodeJs-Projects\\SocialSpot\\src\\routers\\comment.router.js": {"path":"D:\\NodeJs-Projects\\SocialSpot\\src\\routers\\comment.router.js","statementMap":{"0":{"start":{"line":1,"column":18},"end":{"line":1,"column":39}},"1":{"start":{"line":7,"column":4},"end":{"line":7,"column":48}},"2":{"start":{"line":8,"column":22},"end":{"line":8,"column":57}},"3":{"start":{"line":12,"column":4},"end":{"line":12,"column":46}},"4":{"start":{"line":13,"column":15},"end":{"line":13,"column":52}},"5":{"start":{"line":16,"column":0},"end":{"line":16,"column":66}},"6":{"start":{"line":19,"column":0},"end":{"line":24,"column":2}},"7":{"start":{"line":27,"column":0},"end":{"line":27,"column":62}},"8":{"start":{"line":30,"column":0},"end":{"line":30,"column":40}},"9":{"start":{"line":32,"column":0},"end":{"line":32,"column":24}}},"fnMap":{},"branchMap":{},"s":{"0":1,"1":1,"2":1,"3":1,"4":1,"5":1,"6":1,"7":1,"8":1,"9":1},"f":{},"b":{},"_coverageSchema":"1a1c01bbd47fc00a2c39e90264f33305004495a9","hash":"47989d72c92aaf677cb8e8f2bcf277494a66e165"}
,"D:\\NodeJs-Projects\\SocialSpot\\src\\routers\\connection.router.js": {"path":"D:\\NodeJs-Projects\\SocialSpot\\src\\routers\\connection.router.js","statementMap":{"0":{"start":{"line":1,"column":18},"end":{"line":1,"column":39}},"1":{"start":{"line":5,"column":4},"end":{"line":5,"column":51}},"2":{"start":{"line":6,"column":15},"end":{"line":6,"column":55}},"3":{"start":{"line":8,"column":22},"end":{"line":8,"column":57}},"4":{"start":{"line":9,"column":54},"end":{"line":9,"column":100}},"5":{"start":{"line":12,"column":0},"end":{"line":12,"column":78}},"6":{"start":{"line":15,"column":0},"end":{"line":15,"column":85}},"7":{"start":{"line":17,"column":0},"end":{"line":17,"column":24}}},"fnMap":{},"branchMap":{},"s":{"0":1,"1":1,"2":1,"3":1,"4":1,"5":1,"6":1,"7":1},"f":{},"b":{},"_coverageSchema":"1a1c01bbd47fc00a2c39e90264f33305004495a9","hash":"686e97022c490d084e76498dcf662322e0c3938f"}
,"D:\\NodeJs-Projects\\SocialSpot\\src\\routers\\friend.router.js": {"path":"D:\\NodeJs-Projects\\SocialSpot\\src\\routers\\friend.router.js","statementMap":{"0":{"start":{"line":1,"column":18},"end":{"line":1,"column":39}},"1":{"start":{"line":2,"column":15},"end":{"line":2,"column":51}},"2":{"start":{"line":12,"column":4},"end":{"line":12,"column":47}},"3":{"start":{"line":13,"column":22},"end":{"line":13,"column":57}},"4":{"start":{"line":18,"column":4},"end":{"line":18,"column":45}},"5":{"start":{"line":21,"column":0},"end":{"line":26,"column":2}},"6":{"start":{"line":29,"column":0},"end":{"line":34,"column":2}},"7":{"start":{"line":37,"column":0},"end":{"line":42,"column":2}},"8":{"start":{"line":45,"column":0},"end":{"line":45,"column":64}},"9":{"start":{"line":48,"column":0},"end":{"line":48,"column":57}},"10":{"start":{"line":51,"column":0},"end":{"line":51,"column":69}},"11":{"start":{"line":54,"column":0},"end":{"line":54,"column":46}},"12":{"start":{"line":56,"column":0},"end":{"line":56,"column":24}}},"fnMap":{},"branchMap":{},"s":{"0":1,"1":1,"2":1,"3":1,"4":1,"5":1,"6":1,"7":1,"8":1,"9":1,"10":1,"11":1,"12":1},"f":{},"b":{},"_coverageSchema":"1a1c01bbd47fc00a2c39e90264f33305004495a9","hash":"bc9d0d228b6075287ca6275594b574b34a292419"}
,"D:\\NodeJs-Projects\\SocialSpot\\src\\routers\\index.router.js": {"path":"D:\\NodeJs-Projects\\SocialSpot\\src\\routers\\index.router.js","statementMap":{"0":{"start":{"line":1,"column":18},"end":{"line":1,"column":39}},"1":{"start":{"line":2,"column":15},"end":{"line":2,"column":51}},"2":{"start":{"line":4,"column":19},"end":{"line":4,"column":43}},"3":{"start":{"line":5,"column":19},"end":{"line":5,"column":43}},"4":{"start":{"line":6,"column":19},"end":{"line":6,"column":43}},"5":{"start":{"line":7,"column":21},"end":{"line":7,"column":47}},"6":{"start":{"line":8,"column":22},"end":{"line":8,"column":49}},"7":{"start":{"line":9,"column":19},"end":{"line":9,"column":43}},"8":{"start":{"line":10,"column":25},"end":{"line":10,"column":55}},"9":{"start":{"line":11,"column":23},"end":{"line":11,"column":51}},"10":{"start":{"line":13,"column":16},"end":{"line":22,"column":1}},"11":{"start":{"line":24,"column":0},"end":{"line":26,"column":3}},"12":{"start":{"line":25,"column":2},"end":{"line":25,"column":57}},"13":{"start":{"line":28,"column":0},"end":{"line":28,"column":24}}},"fnMap":{"0":{"name":"(anonymous_0)","decl":{"start":{"line":24,"column":16},"end":{"line":24,"column":17}},"loc":{"start":{"line":24,"column":27},"end":{"line":26,"column":1}},"line":24}},"branchMap":{},"s":{"0":1,"1":1,"2":1,"3":1,"4":1,"5":1,"6":1,"7":1,"8":1,"9":1,"10":1,"11":1,"12":8,"13":1},"f":{"0":8},"b":{},"_coverageSchema":"1a1c01bbd47fc00a2c39e90264f33305004495a9","hash":"98da061882c302cf2068d2e4b5d35fddcfed8db2"}
,"D:\\NodeJs-Projects\\SocialSpot\\src\\routers\\page.router.js": {"path":"D:\\NodeJs-Projects\\SocialSpot\\src\\routers\\page.router.js","statementMap":{"0":{"start":{"line":1,"column":18},"end":{"line":1,"column":39}},"1":{"start":{"line":2,"column":15},"end":{"line":2,"column":49}},"2":{"start":{"line":18,"column":4},"end":{"line":18,"column":45}},"3":{"start":{"line":19,"column":22},"end":{"line":19,"column":57}},"4":{"start":{"line":23,"column":4},"end":{"line":23,"column":44}},"5":{"start":{"line":27,"column":4},"end":{"line":27,"column":50}},"6":{"start":{"line":30,"column":0},"end":{"line":30,"column":66}},"7":{"start":{"line":33,"column":0},"end":{"line":33,"column":75}},"8":{"start":{"line":36,"column":0},"end":{"line":36,"column":56}},"9":{"start":{"line":39,"column":0},"end":{"line":39,"column":78}},"10":{"start":{"line":42,"column":0},"end":{"line":42,"column":62}},"11":{"start":{"line":45,"column":0},"end":{"line":45,"column":56}},"12":{"start":{"line":48,"column":0},"end":{"line":48,"column":34}},"13":{"start":{"line":51,"column":0},"end":{"line":51,"column":74}},"14":{"start":{"line":54,"column":0},"end":{"line":59,"column":2}},"15":{"start":{"line":62,"column":0},"end":{"line":62,"column":55}},"16":{"start":{"line":65,"column":0},"end":{"line":65,"column":59}},"17":{"start":{"line":68,"column":0},"end":{"line":68,"column":36}},"18":{"start":{"line":70,"column":0},"end":{"line":70,"column":24}}},"fnMap":{},"branchMap":{},"s":{"0":1,"1":1,"2":1,"3":1,"4":1,"5":1,"6":1,"7":1,"8":1,"9":1,"10":1,"11":1,"12":1,"13":1,"14":1,"15":1,"16":1,"17":1,"18":1},"f":{},"b":{},"_coverageSchema":"1a1c01bbd47fc00a2c39e90264f33305004495a9","hash":"f52d909521a9d26003ccedf88725f4398940c429"}
,"D:\\NodeJs-Projects\\SocialSpot\\src\\routers\\post.router.js": {"path":"D:\\NodeJs-Projects\\SocialSpot\\src\\routers\\post.router.js","statementMap":{"0":{"start":{"line":1,"column":18},"end":{"line":1,"column":39}},"1":{"start":{"line":2,"column":15},"end":{"line":2,"column":49}},"2":{"start":{"line":13,"column":4},"end":{"line":13,"column":45}},"3":{"start":{"line":14,"column":22},"end":{"line":14,"column":57}},"4":{"start":{"line":19,"column":4},"end":{"line":19,"column":45}},"5":{"start":{"line":23,"column":4},"end":{"line":23,"column":44}},"6":{"start":{"line":26,"column":0},"end":{"line":32,"column":2}},"7":{"start":{"line":35,"column":0},"end":{"line":41,"column":2}},"8":{"start":{"line":44,"column":0},"end":{"line":49,"column":2}},"9":{"start":{"line":52,"column":0},"end":{"line":52,"column":48}},"10":{"start":{"line":55,"column":0},"end":{"line":55,"column":61}},"11":{"start":{"line":58,"column":0},"end":{"line":58,"column":46}},"12":{"start":{"line":61,"column":0},"end":{"line":61,"column":35}},"13":{"start":{"line":63,"column":0},"end":{"line":63,"column":24}}},"fnMap":{},"branchMap":{},"s":{"0":1,"1":1,"2":1,"3":1,"4":1,"5":1,"6":1,"7":1,"8":1,"9":1,"10":1,"11":1,"12":1,"13":1},"f":{},"b":{},"_coverageSchema":"1a1c01bbd47fc00a2c39e90264f33305004495a9","hash":"d31ac5de6d231493e7472e52da6cd9baa6020098"}
,"D:\\NodeJs-Projects\\SocialSpot\\src\\routers\\reaction.router.js": {"path":"D:\\NodeJs-Projects\\SocialSpot\\src\\routers\\reaction.router.js","statementMap":{"0":{"start":{"line":1,"column":18},"end":{"line":1,"column":39}},"1":{"start":{"line":2,"column":15},"end":{"line":2,"column":53}},"2":{"start":{"line":4,"column":25},"end":{"line":4,"column":70}},"3":{"start":{"line":5,"column":22},"end":{"line":5,"column":57}},"4":{"start":{"line":6,"column":25},"end":{"line":6,"column":67}},"5":{"start":{"line":9,"column":0},"end":{"line":9,"column":52}},"6":{"start":{"line":12,"column":0},"end":{"line":12,"column":42}},"7":{"start":{"line":14,"column":0},"end":{"line":14,"column":24}}},"fnMap":{},"branchMap":{},"s":{"0":1,"1":1,"2":1,"3":1,"4":1,"5":1,"6":1,"7":1},"f":{},"b":{},"_coverageSchema":"1a1c01bbd47fc00a2c39e90264f33305004495a9","hash":"da88614904b1f8d39d1b5a0b51f37ebd9dafd9b8"}
,"D:\\NodeJs-Projects\\SocialSpot\\src\\routers\\user.router.js": {"path":"D:\\NodeJs-Projects\\SocialSpot\\src\\routers\\user.router.js","statementMap":{"0":{"start":{"line":1,"column":18},"end":{"line":1,"column":39}},"1":{"start":{"line":2,"column":15},"end":{"line":2,"column":49}},"2":{"start":{"line":8,"column":4},"end":{"line":8,"column":45}},"3":{"start":{"line":9,"column":22},"end":{"line":9,"column":57}},"4":{"start":{"line":10,"column":36},"end":{"line":10,"column":76}},"5":{"start":{"line":13,"column":0},"end":{"line":13,"column":73}},"6":{"start":{"line":16,"column":0},"end":{"line":16,"column":46}},"7":{"start":{"line":19,"column":0},"end":{"line":19,"column":36}},"8":{"start":{"line":21,"column":0},"end":{"line":21,"column":24}}},"fnMap":{},"branchMap":{},"s":{"0":1,"1":1,"2":1,"3":1,"4":1,"5":1,"6":1,"7":1,"8":1},"f":{},"b":{},"_coverageSchema":"1a1c01bbd47fc00a2c39e90264f33305004495a9","hash":"6f4aa5950498850f4bb5269eef31558939c35427"}
,"D:\\NodeJs-Projects\\SocialSpot\\src\\utils\\mongodb_utils.js": {"path":"D:\\NodeJs-Projects\\SocialSpot\\src\\utils\\mongodb_utils.js","statementMap":{"0":{"start":{"line":2,"column":0},"end":{"line":13,"column":2}},"1":{"start":{"line":16,"column":0},"end":{"line":32,"column":2}},"2":{"start":{"line":17,"column":18},"end":{"line":20,"column":3}},"3":{"start":{"line":21,"column":2},"end":{"line":21,"column":37}},"4":{"start":{"line":23,"column":2},"end":{"line":31,"column":4}},"5":{"start":{"line":36,"column":0},"end":{"line":44,"column":2}},"6":{"start":{"line":37,"column":2},"end":{"line":43,"column":4}},"7":{"start":{"line":46,"column":0},"end":{"line":46,"column":52}}},"fnMap":{"0":{"name":"(anonymous_0)","decl":{"start":{"line":16,"column":24},"end":{"line":16,"column":25}},"loc":{"start":{"line":16,"column":77},"end":{"line":32,"column":1}},"line":16},"1":{"name":"(anonymous_1)","decl":{"start":{"line":36,"column":30},"end":{"line":36,"column":31}},"loc":{"start":{"line":36,"column":45},"end":{"line":44,"column":1}},"line":36}},"branchMap":{},"s":{"0":1,"1":1,"2":0,"3":0,"4":0,"5":1,"6":0,"7":1},"f":{"0":0,"1":0},"b":{},"_coverageSchema":"1a1c01bbd47fc00a2c39e90264f33305004495a9","hash":"b7213919b205fa713c91b03390374d6289dc59aa"}
,"D:\\NodeJs-Projects\\SocialSpot\\src\\utils\\pagination.js": {"path":"D:\\NodeJs-Projects\\SocialSpot\\src\\utils\\pagination.js","statementMap":{"0":{"start":{"line":1,"column":0},"end":{"line":1,"column":22}},"1":{"start":{"line":4,"column":0},"end":{"line":18,"column":2}},"2":{"start":{"line":5,"column":61},"end":{"line":5,"column":72}},"3":{"start":{"line":7,"column":15},"end":{"line":7,"column":17}},"4":{"start":{"line":8,"column":2},"end":{"line":11,"column":3}},"5":{"start":{"line":9,"column":17},"end":{"line":9,"column":34}},"6":{"start":{"line":10,"column":4},"end":{"line":10,"column":48}},"7":{"start":{"line":13,"column":2},"end":{"line":17,"column":4}}},"fnMap":{"0":{"name":"(anonymous_0)","decl":{"start":{"line":4,"column":25},"end":{"line":4,"column":26}},"loc":{"start":{"line":4,"column":36},"end":{"line":18,"column":1}},"line":4}},"branchMap":{"0":{"loc":{"start":{"line":5,"column":10},"end":{"line":5,"column":18}},"type":"default-arg","locations":[{"start":{"line":5,"column":17},"end":{"line":5,"column":18}}],"line":5},"1":{"loc":{"start":{"line":5,"column":20},"end":{"line":5,"column":30}},"type":"default-arg","locations":[{"start":{"line":5,"column":28},"end":{"line":5,"column":30}}],"line":5},"2":{"loc":{"start":{"line":5,"column":32},"end":{"line":5,"column":56}},"type":"default-arg","locations":[{"start":{"line":5,"column":41},"end":{"line":5,"column":56}}],"line":5},"3":{"loc":{"start":{"line":5,"column":61},"end":{"line":5,"column":72}},"type":"binary-expr","locations":[{"start":{"line":5,"column":61},"end":{"line":5,"column":66}},{"start":{"line":5,"column":70},"end":{"line":5,"column":72}}],"line":5},"4":{"loc":{"start":{"line":8,"column":2},"end":{"line":11,"column":3}},"type":"if","locations":[{"start":{"line":8,"column":2},"end":{"line":11,"column":3}},{"start":{},"end":{}}],"line":8},"5":{"loc":{"start":{"line":10,"column":20},"end":{"line":10,"column":47}},"type":"cond-expr","locations":[{"start":{"line":10,"column":41},"end":{"line":10,"column":43}},{"start":{"line":10,"column":46},"end":{"line":10,"column":47}}],"line":10}},"s":{"0":1,"1":1,"2":0,"3":0,"4":0,"5":0,"6":0,"7":0},"f":{"0":0},"b":{"0":[0],"1":[0],"2":[0],"3":[0,0],"4":[0,0],"5":[0,0]},"_coverageSchema":"1a1c01bbd47fc00a2c39e90264f33305004495a9","hash":"5ffd4a0a7a18b23b3352a68365ee038c1def9905"}
,"D:\\NodeJs-Projects\\SocialSpot\\src\\utils\\sendResponce.js": {"path":"D:\\NodeJs-Projects\\SocialSpot\\src\\utils\\sendResponce.js","statementMap":{"0":{"start":{"line":2,"column":0},"end":{"line":18,"column":2}},"1":{"start":{"line":10,"column":2},"end":{"line":10,"column":26}},"2":{"start":{"line":11,"column":2},"end":{"line":17,"column":4}}},"fnMap":{"0":{"name":"(anonymous_0)","decl":{"start":{"line":2,"column":23},"end":{"line":2,"column":24}},"loc":{"start":{"line":9,"column":6},"end":{"line":18,"column":1}},"line":9}},"branchMap":{},"s":{"0":1,"1":0,"2":0},"f":{"0":0},"b":{},"_coverageSchema":"1a1c01bbd47fc00a2c39e90264f33305004495a9","hash":"65c7129b189cd3e40dd259c94195122780bd5b69"}
,"D:\\NodeJs-Projects\\SocialSpot\\src\\utils\\token.js": {"path":"D:\\NodeJs-Projects\\SocialSpot\\src\\utils\\token.js","statementMap":{"0":{"start":{"line":1,"column":12},"end":{"line":1,"column":35}},"1":{"start":{"line":4,"column":0},"end":{"line":6,"column":2}},"2":{"start":{"line":5,"column":2},"end":{"line":5,"column":52}},"3":{"start":{"line":9,"column":0},"end":{"line":11,"column":2}},"4":{"start":{"line":10,"column":2},"end":{"line":10,"column":55}}},"fnMap":{"0":{"name":"(anonymous_0)","decl":{"start":{"line":4,"column":24},"end":{"line":4,"column":25}},"loc":{"start":{"line":4,"column":34},"end":{"line":6,"column":1}},"line":4},"1":{"name":"(anonymous_1)","decl":{"start":{"line":9,"column":22},"end":{"line":9,"column":23}},"loc":{"start":{"line":9,"column":33},"end":{"line":11,"column":1}},"line":9}},"branchMap":{},"s":{"0":1,"1":1,"2":0,"3":1,"4":0},"f":{"0":0,"1":0},"b":{},"_coverageSchema":"1a1c01bbd47fc00a2c39e90264f33305004495a9","hash":"9be116832e6e1e0f1fe9d4568fa527416a70b692"}
[...]
0":{"start":{"line":1,"column":21},"end":{"line":1,"column":39}},"1":{"start":{"line":3,"column":18},"end":{"line":3,"column":44}},"2":{"start":{"line":4,"column":18},"end":{"line":4,"column":43}},"3":{"start":{"line":5,"column":25},"end":{"line":5,"column":57}},"4":{"start":{"line":6,"column":51},"end":{"line":6,"column":81}},"5":{"start":{"line":9,"column":0},"end":{"line":18,"column":2}},"6":{"start":{"line":10,"column":2},"end":{"line":17,"column":3}},"7":{"start":{"line":11,"column":4},"end":{"line":11,"column":51}},"8":{"start":{"line":12,"column":4},"end":{"line":12,"column":48}},"9":{"start":{"line":14,"column":4},"end":{"line":14,"column":17}},"10":{"start":{"line":16,"column":4},"end":{"line":16,"column":67}},"11":{"start":{"line":20,"column":0},"end":{"line":38,"column":2}},"12":{"start":{"line":21,"column":2},"end":{"line":37,"column":3}},"13":{"start":{"line":22,"column":19},"end":{"line":22,"column":50}},"14":{"start":{"line":23,"column":4},"end":{"line":23,"column":48}},"15":{"start":{"line":25,"column":17},"end":{"line":25,"column":74}},"16":{"start":{"line":27,"column":4},"end":{"line":27,"column":45}},"17":{"start":{"line":28,"column":4},"end":{"line":32,"column":6}},"18":{"start":{"line":34,"column":4},"end":{"line":34,"column":17}},"19":{"start":{"line":36,"column":4},"end":{"line":36,"column":67}},"20":{"start":{"line":40,"column":0},"end":{"line":40,"column":77}},"21":{"start":{"line":40,"column":32},"end":{"line":40,"column":76}}},"fnMap":{"0":{"name":"(anonymous_0)","decl":{"start":{"line":9,"column":29},"end":{"line":9,"column":30}},"loc":{"start":{"line":9,"column":50},"end":{"line":18,"column":1}},"line":9},"1":{"name":"(anonymous_1)","decl":{"start":{"line":20,"column":29},"end":{"line":20,"column":30}},"loc":{"start":{"line":20,"column":50},"end":{"line":38,"column":1}},"line":20},"2":{"name":"(anonymous_2)","decl":{"start":{"line":40,"column":23},"end":{"line":40,"column":24}},"loc":{"start":{"line":40,"column":32},"end":{"line":40,"column":76}},"line":40}},"branchMap":{},"s":{"0":1,"1":1,"2":1,"3":1,"4":1,"5":1,"6":0,"7":0,"8":0,"9":0,"10":0,"11":1,"12":0,"13":0,"14":0,"15":0,"16":0,"17":0,"18":0,"19":0,"20":1,"21":0},"f":{"0":0,"1":0,"2":0},"b":{},"_coverageSchema":"1a1c01bbd47fc00a2c39e90264f33305004495a9","hash":"76dc5d0ac0a985baff99d8bb63b85d382a816ae4"}
,"D:\\NodeJs-Projects\\SocialSpot\\src\\validators\\permission.validation.js": {"path":"D:\\NodeJs-Projects\\SocialSpot\\src\\validators\\permission.validation.js","statementMap":{"0":{"start":{"line":1,"column":21},"end":{"line":1,"column":39}},"1":{"start":{"line":3,"column":24},"end":{"line":3,"column":56}},"2":{"start":{"line":4,"column":25},"end":{"line":4,"column":57}},"3":{"start":{"line":5,"column":31},"end":{"line":5,"column":61}},"4":{"start":{"line":6,"column":25},"end":{"line":6,"column":53}},"5":{"start":{"line":7,"column":25},"end":{"line":7,"column":53}},"6":{"start":{"line":9,"column":0},"end":{"line":37,"column":2}},"7":{"start":{"line":10,"column":2},"end":{"line":36,"column":3}},"8":{"start":{"line":11,"column":35},"end":{"line":11,"column":51}},"9":{"start":{"line":13,"column":4},"end":{"line":13,"column":54}},"10":{"start":{"line":15,"column":17},"end":{"line":15,"column":60}},"11":{"start":{"line":16,"column":17},"end":{"line":16,"column":60}},"12":{"start":{"line":18,"column":4},"end":{"line":18,"column":44}},"13":{"start":{"line":19,"column":4},"end":{"line":19,"column":45}},"14":{"start":{"line":21,"column":4},"end":{"line":25,"column":6}},"15":{"start":{"line":26,"column":4},"end":{"line":30,"column":6}},"16":{"start":{"line":32,"column":4},"end":{"line":32,"column":17}},"17":{"start":{"line":34,"column":4},"end":{"line":34,"column":23}},"18":{"start":{"line":35,"column":4},"end":{"line":35,"column":67}},"19":{"start":{"line":39,"column":0},"end":{"line":98,"column":2}},"20":{"start":{"line":40,"column":2},"end":{"line":97,"column":3}},"21":{"start":{"line":41,"column":23},"end":{"line":41,"column":39}},"22":{"start":{"line":43,"column":17},"end":{"line":85,"column":16}},"23":{"start":{"line":87,"column":4},"end":{"line":87,"column":52}},"24":{"start":{"line":88,"column":4},"end":{"line":92,"column":6}},"25":{"start":{"line":94,"column":4},"end":{"line":94,"column":17}},"26":{"start":{"line":96,"column":4},"end":{"line":96,"column":67}}},"fnMap":{"0":{"name":"(anonymous_0)","decl":{"start":{"line":9,"column":29},"end":{"line":9,"column":30}},"loc":{"start":{"line":9,"column":50},"end":{"line":37,"column":1}},"line":9},"1":{"name":"(anonymous_1)","decl":{"start":{"line":39,"column":46},"end":{"line":39,"column":47}},"loc":{"start":{"line":39,"column":67},"end":{"line":98,"column":1}},"line":39}},"branchMap":{},"s":{"0":1,"1":1,"2":1,"3":1,"4":1,"5":1,"6":1,"7":0,"8":0,"9":0,"10":0,"11":0,"12":0,"13":0,"14":0,"15":0,"16":0,"17":0,"18":0,"19":1,"20":0,"21":0,"22":0,"23":0,"24":0,"25":0,"26":0},"f":{"0":0,"1":0},"b":{},"_coverageSchema":"1a1c01bbd47fc00a2c39e90264f33305004495a9","hash":"285c5785a74c144a06731889c8dcbf7c31979ea9"}
,"D:\\NodeJs-Projects\\SocialSpot\\src\\validators\\post.validation.js": {"path":"D:\\NodeJs-Projects\\SocialSpot\\src\\validators\\post.validation.js","statementMap":{"0":{"start":{"line":1,"column":21},"end":{"line":1,"column":39}},"1":{"start":{"line":3,"column":18},"end":{"line":3,"column":44}},"2":{"start":{"line":4,"column":18},"end":{"line":4,"column":44}},"3":{"start":{"line":5,"column":25},"end":{"line":5,"column":57}},"4":{"start":{"line":6,"column":28},"end":{"line":6,"column":64}},"5":{"start":{"line":7,"column":51},"end":{"line":7,"column":81}},"6":{"start":{"line":10,"column":0},"end":{"line":71,"column":2}},"7":{"start":{"line":11,"column":2},"end":{"line":70,"column":3}},"8":{"start":{"line":13,"column":6},"end":{"line":13,"column":22}},"9":{"start":{"line":15,"column":4},"end":{"line":15,"column":54}},"10":{"start":{"line":16,"column":4},"end":{"line":16,"column":48}},"11":{"start":{"line":18,"column":4},"end":{"line":45,"column":5}},"12":{"start":{"line":19,"column":19},"end":{"line":43,"column":18}},"13":{"start":{"line":44,"column":6},"end":{"line":44,"column":55}},"14":{"start":{"line":48,"column":18},"end":{"line":48,"column":47}},"15":{"start":{"line":49,"column":4},"end":{"line":49,"column":64}},"16":{"start":{"line":53,"column":4},"end":{"line":55,"column":5}},"17":{"start":{"line":54,"column":6},"end":{"line":54,"column":45}},"18":{"start":{"line":58,"column":4},"end":{"line":60,"column":5}},"19":{"start":{"line":59,"column":6},"end":{"line":59,"column":47}},"20":{"start":{"line":62,"column":4},"end":{"line":62,"column":17}},"21":{"start":{"line":64,"column":4},"end":{"line":64,"column":23}},"22":{"start":{"line":65,"column":4},"end":{"line":69,"column":7}},"23":{"start":{"line":73,"column":0},"end":{"line":106,"column":2}},"24":{"start":{"line":74,"column":2},"end":{"line":105,"column":3}},"25":{"start":{"line":75,"column":19},"end":{"line":75,"column":36}},"26":{"start":{"line":77,"column":6},"end":{"line":77,"column":22}},"27":{"start":{"line":78,"column":4},"end":{"line":78,"column":74}},"28":{"start":{"line":80,"column":4},"end":{"line":80,"column":48}},"29":{"start":{"line":82,"column":17},"end":{"line":84,"column":45}},"30":{"start":{"line":85,"column":4},"end":{"line":85,"column":45}},"31":{"start":{"line":86,"column":4},"end":{"line":86,"column":79}},"32":{"start":{"line":89,"column":4},"end":{"line":91,"column":5}},"33":{"start":{"line":90,"column":6},"end":{"line":90,"column":45}},"34":{"start":{"line":94,"column":4},"end":{"line":96,"column":5}},"35":{"start":{"line":95,"column":6},"end":{"line":95,"column":47}},"36":{"start":{"line":98,"column":4},"end":{"line":98,"column":17}},"37":{"start":{"line":100,"column":4},"end":{"line":104,"column":7}},"38":{"start":{"line":108,"column":0},"end":{"line":111,"column":44}},"39":{"start":{"line":109,"column":2},"end":{"line":111,"column":43}}},"fnMap":{"0":{"name":"(anonymous_0)","decl":{"start":{"line":10,"column":29},"end":{"line":10,"column":30}},"loc":{"start":{"line":10,"column":50},"end":{"line":71,"column":1}},"line":10},"1":{"name":"(anonymous_1)","decl":{"start":{"line":73,"column":29},"end":{"line":73,"column":30}},"loc":{"start":{"line":73,"column":50},"end":{"line":106,"column":1}},"line":73},"2":{"name":"(anonymous_2)","decl":{"start":{"line":108,"column":23},"end":{"line":108,"column":24}},"loc":{"start":{"line":109,"column":2},"end":{"line":111,"column":43}},"line":109}},"branchMap":{"0":{"loc":{"start":{"line":18,"column":4},"end":{"line":45,"column":5}},"type":"if","locations":[{"start":{"line":18,"column":4},"end":{"line":45,"column":5}},{"start":{},"end":{}}],"line":18},"1":{"loc":{"start":{"line":49,"column":32},"end":{"line":49,"column":63}},"type":"binary-expr","locations":[{"start":{"line":49,"column":32},"end":{"line":49,"column":57}},{"start":{"line":49,"column":61},"end":{"line":49,"column":63}}],"line":49},"2":{"loc":{"start":{"line":53,"column":4},"end":{"line":55,"column":5}},"type":"if","locations":[{"start":{"line":53,"column":4},"end":{"line":55,"column":5}},{"start":{},"end":{}}],"line":53},"3":{"loc":{"start":{"line":53,"column":8},"end":{"line":53,"column":39}},"type":"binary-expr","locations":[{"start":{"line":53,"column":8},"end":{"line":53,"column":24}},{"start":{"line":53,"column":28},"end":{"line":53,"column":39}}],"line":53},"4":{"loc":{"start":{"line":58,"column":4},"end":{"line":60,"column":5}},"type":"if","locations":[{"start":{"line":58,"column":4},"end":{"line":60,"column":5}},{"start":{},"end":{}}],"line":58},"5":{"loc":{"start":{"line":58,"column":8},"end":{"line":58,"column":61}},"type":"binary-expr","locations":[{"start":{"line":58,"column":9},"end":{"line":58,"column":25}},{"start":{"line":58,"column":29},"end":{"line":58,"column":45}},{"start":{"line":58,"column":50},"end":{"line":58,"column":61}}],"line":58},"6":{"loc":{"start":{"line":67,"column":18},"end":{"line":67,"column":41}},"type":"binary-expr","locations":[{"start":{"line":67,"column":18},"end":{"line":67,"column":34}},{"start":{"line":67,"column":38},"end":{"line":67,"column":41}}],"line":67},"7":{"loc":{"start":{"line":89,"column":4},"end":{"line":91,"column":5}},"type":"if","locations":[{"start":{"line":89,"column":4},"end":{"line":91,"column":5}},{"start":{},"end":{}}],"line":89},"8":{"loc":{"start":{"line":89,"column":8},"end":{"line":89,"column":39}},"type":"binary-expr","locations":[{"start":{"line":89,"column":8},"end":{"line":89,"column":24}},{"start":{"line":89,"column":28},"end":{"line":89,"column":39}}],"line":89},"9":{"loc":{"start":{"line":94,"column":4},"end":{"line":96,"column":5}},"type":"if","locations":[{"start":{"line":94,"column":4},"end":{"line":96,"column":5}},{"start":{},"end":{}}],"line":94},"10":{"loc":{"start":{"line":94,"column":8},"end":{"line":94,"column":61}},"type":"binary-expr","locations":[{"start":{"line":94,"column":9},"end":{"line":94,"column":25}},{"start":{"line":94,"column":29},"end":{"line":94,"column":45}},{"start":{"line":94,"column":50},"end":{"line":94,"column":61}}],"line":94},"11":{"loc":{"start":{"line":102,"column":18},"end":{"line":102,"column":41}},"type":"binary-expr","locations":[{"start":{"line":102,"column":18},"end":{"line":102,"column":34}},{"start":{"line":102,"column":38},"end":{"line":102,"column":41}}],"line":102}},"s":{"0":1,"1":1,"2":1,"3":1,"4":1,"5":1,"6":1,"7":0,"8":0,"9":0,"10":0,"11":0,"12":0,"13":0,"14":0,"15":0,"16":0,"17":0,"18":0,"19":0,"20":0,"21":0,"22":0,"23":1,"24":0,"25":0,"26":0,"27":0,"28":0,"29":0,"30":0,"31":0,"32":0,"33":0,"34":0,"35":0,"36":0,"37":0,"38":1,"39":0},"f":{"0":0,"1":0,"2":0},"b":{"0":[0,0],"1":[0,0],"2":[0,0],"3":[0,0],"4":[0,0],"5":[0,0,0],"6":[0,0],"7":[0,0],"8":[0,0],"9":[0,0],"10":[0,0,0],"11":[0,0]},"_coverageSchema":"1a1c01bbd47fc00a2c39e90264f33305004495a9","hash":"bc04d8bc8182dbc9743cdac6449fa0d07ccb24b9"}
,"D:\\NodeJs-Projects\\SocialSpot\\src\\validators\\reaction.validate.js": {"path":"D:\\NodeJs-Projects\\SocialSpot\\src\\validators\\reaction.validate.js","statementMap":{"0":{"start":{"line":1,"column":21},"end":{"line":1,"column":36}},"1":{"start":{"line":3,"column":22},"end":{"line":3,"column":52}},"2":{"start":{"line":4,"column":25},"end":{"line":4,"column":57}},"3":{"start":{"line":5,"column":31},"end":{"line":5,"column":61}},"4":{"start":{"line":6,"column":25},"end":{"line":6,"column":53}},"5":{"start":{"line":8,"column":0},"end":{"line":48,"column":2}},"6":{"start":{"line":9,"column":2},"end":{"line":47,"column":3}},"7":{"start":{"line":10,"column":40},"end":{"line":10,"column":56}},"8":{"start":{"line":12,"column":4},"end":{"line":12,"column":52}},"9":{"start":{"line":13,"column":4},"end":{"line":13,"column":52}},"10":{"start":{"line":15,"column":17},"end":{"line":15,"column":43}},"11":{"start":{"line":16,"column":4},"end":{"line":16,"column":45}},"12":{"start":{"line":18,"column":4},"end":{"line":42,"column":5}},"13":{"start":{"line":20,"column":22},"end":{"line":35,"column":18}},"14":{"start":{"line":37,"column":6},"end":{"line":41,"column":8}},"15":{"start":{"line":44,"column":4},"end":{"line":44,"column":17}},"16":{"start":{"line":46,"column":4},"end":{"line":46,"column":67}}},"fnMap":{"0":{"name":"(anonymous_0)","decl":{"start":{"line":8,"column":23},"end":{"line":8,"column":24}},"loc":{"start":{"line":8,"column":44},"end":{"line":48,"column":1}},"line":8}},"branchMap":{"0":{"loc":{"start":{"line":18,"column":4},"end":{"line":42,"column":5}},"type":"if","locations":[{"start":{"line":18,"column":4},"end":{"line":42,"column":5}},{"start":{},"end":{}}],"line":18},"1":{"loc":{"start":{"line":38,"column":8},"end":{"line":38,"column":54}},"type":"binary-expr","locations":[{"start":{"line":38,"column":8},"end":{"line":38,"column":22}},{"start":{"line":38,"column":26},"end":{"line":38,"column":54}}],"line":38}},"s":{"0":1,"1":1,"2":1,"3":1,"4":1,"5":1,"6":0,"7":0,"8":0,"9":0,"10":0,"11":0,"12":0,"13":0,"14":0,"15":0,"16":0},"f":{"0":0},"b":{"0":[0,0],"1":[0,0]},"_coverageSchema":"1a1c01bbd47fc00a2c39e90264f33305004495a9","hash":"3f2f5ef76609b586096d22bfa520ba6dd397d920"}
,"D:\\NodeJs-Projects\\SocialSpot\\src\\validators\\user.validation.js": {"path":"D:\\NodeJs-Projects\\SocialSpot\\src\\validators\\user.validation.js","statementMap":{"0":{"start":{"line":1,"column":21},"end":{"line":1,"column":39}},"1":{"start":{"line":3,"column":25},"end":{"line":3,"column":57}},"2":{"start":{"line":4,"column":18},"end":{"line":4,"column":44}},"3":{"start":{"line":5,"column":42},"end":{"line":5,"column":78}},"4":{"start":{"line":6,"column":18},"end":{"line":6,"column":44}},"5":{"start":{"line":7,"column":51},"end":{"line":7,"column":81}},"6":{"start":{"line":9,"column":0},"end":{"line":39,"column":2}},"7":{"start":{"line":10,"column":2},"end":{"line":38,"column":3}},"8":{"start":{"line":11,"column":43},"end":{"line":11,"column":59}},"9":{"start":{"line":12,"column":17},"end":{"line":12,"column":18}},"10":{"start":{"line":14,"column":4},"end":{"line":14,"column":68}},"11":{"start":{"line":14,"column":19},"end":{"line":14,"column":68}},"12":{"start":{"line":16,"column":4},"end":{"line":16,"column":48}},"13":{"start":{"line":19,"column":17},"end":{"line":21,"column":6}},"14":{"start":{"line":23,"column":4},"end":{"line":27,"column":6}},"15":{"start":{"line":28,"column":4},"end":{"line":32,"column":6}},"16":{"start":{"line":34,"column":4},"end":{"line":34,"column":17}},"17":{"start":{"line":36,"column":4},"end":{"line":36,"column":23}},"18":{"start":{"line":37,"column":4},"end":{"line":37,"column":65}},"19":{"start":{"line":41,"column":0},"end":{"line":55,"column":2}},"20":{"start":{"line":42,"column":2},"end":{"line":54,"column":3}},"21":{"start":{"line":43,"column":4},"end":{"line":43,"column":80}},"22":{"start":{"line":44,"column":4},"end":{"line":48,"column":6}},"23":{"start":{"line":50,"column":4},"end":{"line":50,"column":17}},"24":{"start":{"line":52,"column":4},"end":{"line":52,"column":23}},"25":{"start":{"line":53,"column":4},"end":{"line":53,"column":67}},"26":{"start":{"line":57,"column":0},"end":{"line":77,"column":2}},"27":{"start":{"line":58,"column":2},"end":{"line":76,"column":3}},"28":{"start":{"line":59,"column":43},"end":{"line":59,"column":59}},"29":{"start":{"line":61,"column":4},"end":{"line":61,"column":68}},"30":{"start":{"line":61,"column":19},"end":{"line":61,"column":68}},"31":{"start":{"line":63,"column":4},"end":{"line":63,"column":48}},"32":{"start":{"line":65,"column":17},"end":{"line":65,"column":43}},"33":{"start":{"line":67,"column":26},"end":{"line":67,"column":56}},"34":{"start":{"line":68,"column":4},"end":{"line":68,"column":62}},"35":{"start":{"line":70,"column":23},"end":{"line":70,"column":50}},"36":{"start":{"line":71,"column":4},"end":{"line":71,"column":56}},"37":{"start":{"line":73,"column":4},"end":{"line":73,"column":17}},"38":{"start":{"line":75,"column":4},"end":{"line":75,"column":67}},"39":{"start":{"line":79,"column":0},"end":{"line":80,"column":72}},"40":{"start":{"line":80,"column":2},"end":{"line":80,"column":71}}},"fnMap":{"0":{"name":"(anonymous_0)","decl":{"start":{"line":9,"column":29},"end":{"line":9,"column":30}},"loc":{"start":{"line":9,"column":50},"end":{"line":39,"column":1}},"line":9},"1":{"name":"(anonymous_1)","decl":{"start":{"line":41,"column":26},"end":{"line":41,"column":27}},"loc":{"start":{"line":41,"column":47},"end":{"line":55,"column":1}},"line":41},"2":{"name":"(anonymous_2)","decl":{"start":{"line":57,"column":34},"end":{"line":57,"column":35}},"loc":{"start":{"line":57,"column":55},"end":{"line":77,"column":1}},"line":57},"3":{"name":"(anonymous_3)","decl":{"start":{"line":79,"column":23},"end":{"line":79,"column":24}},"loc":{"start":{"line":80,"column":2},"end":{"line":80,"column":71}},"line":80}},"branchMap":{"0":{"loc":{"start":{"line":14,"column":4},"end":{"line":14,"column":68}},"type":"if","locations":[{"start":{"line":14,"column":4},"end":{"line":14,"column":68}},{"start":{},"end":{}}],"line":14},"1":{"loc":{"start":{"line":61,"column":4},"end":{"line":61,"column":68}},"type":"if","locations":[{"start":{"line":61,"column":4},"end":{"line":61,"column":68}},{"start":{},"end":{}}],"line":61}},"s":{"0":1,"1":1,"2":1,"3":1,"4":1,"5":1,"6":1,"7":0,"8":0,"9":0,"10":0,"11":0,"12":0,"13":0,"14":0,"15":0,"16":0,"17":0,"18":0,"19":1,"20":0,"21":0,"22":0,"23":0,"24":0,"25":0,"26":1,"27":0,"28":0,"29":0,"30":0,"31":0,"32":0,"33":0,"34":0,"35":0,"36":0,"37":0,"38":0,"39":1,"40":0},"f":{"0":0,"1":0,"2":0,"3":0},"b":{"0":[0,0],"1":[0,0]},"_coverageSchema":"1a1c01bbd47fc00a2c39e90264f33305004495a9","hash":"7acad98d0850b1ebec6b7127a464c69799bfd3d6"}
,"D:\\NodeJs-Projects\\SocialSpot\\tests\\db.js": {"path":"D:\\NodeJs-Projects\\SocialSpot\\tests\\db.js","statementMap":{"0":{"start":{"line":1,"column":24},"end":{"line":1,"column":42}},"1":{"start":{"line":2,"column":0},"end":{"line":2,"column":49}},"2":{"start":{"line":4,"column":22},"end":{"line":4,"column":50}},"3":{"start":{"line":5,"column":21},"end":{"line":5,"column":33}},"4":{"start":{"line":7,"column":16},"end":{"line":19,"column":1}},"5":{"start":{"line":8,"column":17},"end":{"line":8,"column":47}},"6":{"start":{"line":9,"column":2},"end":{"line":9,"column":25}},"7":{"start":{"line":10,"column":13},"end":{"line":10,"column":36}},"8":{"start":{"line":11,"column":26},"end":{"line":11,"column":62}},"9":{"start":{"line":14,"column":22},"end":{"line":14,"column":24}},"10":{"start":{"line":15,"column":2},"end":{"line":17,"column":3}},"11":{"start":{"line":16,"column":4},"end":{"line":16,"column":38}},"12":{"start":{"line":21,"column":0},"end":{"line":21,"column":29}}},"fnMap":{"0":{"name":"(anonymous_0)","decl":{"start":{"line":7,"column":16},"end":{"line":7,"column":17}},"loc":{"start":{"line":7,"column":28},"end":{"line":19,"column":1}},"line":7}},"branchMap":{},"s":{"0":1,"1":1,"2":1,"3":1,"4":1,"5":1,"6":1,"7":1,"8":1,"9":1,"10":1,"11":8,"12":1},"f":{"0":1},"b":{},"_coverageSchema":"1a1c01bbd47fc00a2c39e90264f33305004495a9","hash":"0872ac9617588f27d1bac1aa4a1369a4484c4912"}
}
