TN:
SF:src\app.js
FN:21,(anonymous_0)
FN:31,(anonymous_1)
FNF:2
FNH:1
FNDA:26,(anonymous_0)
FNDA:0,(anonymous_1)
DA:1,3
DA:3,3
DA:5,3
DA:6,3
DA:8,3
DA:10,3
DA:21,3
DA:23,26
DA:24,26
DA:31,3
DA:32,0
DA:35,3
DA:43,3
LF:13
LH:12
BRF:0
BRH:0
end_of_record
TN:
SF:src\DB\connectDB.js
FN:29,(anonymous_0)
FN:41,(anonymous_1)
FNF:2
FNH:2
FNDA:3,(anonymous_0)
FNDA:26,(anonymous_1)
DA:1,3
DA:3,3
DA:4,3
DA:29,3
DA:34,3
DA:36,3
DA:37,3
DA:41,3
DA:43,26
DA:44,3
DA:46,26
DA:61,3
LF:12
LH:12
BRDA:43,0,0,3
BRDA:43,0,1,23
BRF:2
BRH:2
end_of_record
TN:
SF:src\controllers\auth.controller.js
FN:10,(anonymous_0)
FN:43,(anonymous_1)
FN:85,(anonymous_2)
FNF:3
FNH:3
FNDA:2,(anonymous_0)
FNDA:4,(anonymous_1)
FNDA:2,(anonymous_2)
DA:1,3
DA:2,3
DA:4,3
DA:5,3
DA:10,3
DA:11,2
DA:12,2
DA:14,2
DA:15,2
DA:19,2
DA:20,2
DA:22,2
DA:30,0
DA:31,0
DA:43,3
DA:44,4
DA:45,4
DA:47,4
DA:58,4
DA:61,4
DA:62,4
DA:65,2
DA:67,2
DA:74,2
DA:85,3
DA:86,2
DA:89,2
DA:91,2
DA:97,2
DA:99,2
DA:100,1
DA:107,1
DA:113,0
LF:33
LH:30
BRDA:99,0,0,1
BRDA:99,0,1,1
BRDA:115,1,0,0
BRDA:115,1,1,0
BRF:4
BRH:2
end_of_record
TN:
SF:src\controllers\comment.controller.js
FN:7,(anonymous_0)
FN:20,(anonymous_1)
FN:45,(anonymous_2)
FN:69,(anonymous_3)
FNF:4
FNH:0
FNDA:0,(anonymous_0)
FNDA:0,(anonymous_1)
FNDA:0,(anonymous_2)
FNDA:0,(anonymous_3)
DA:1,3
DA:2,3
DA:7,3
DA:8,0
DA:9,0
DA:10,0
DA:11,0
DA:13,0
DA:20,3
DA:21,0
DA:22,0
DA:24,0
DA:25,0
DA:31,0
DA:38,0
DA:45,3
DA:46,0
DA:47,0
DA:48,0
DA:52,0
DA:53,0
DA:60,0
DA:62,0
DA:69,3
DA:70,0
DA:71,0
DA:75,0
DA:82,0
LF:28
LH:6
BRDA:52,0,0,0
BRDA:52,0,1,0
BRF:2
BRH:0
end_of_record
TN:
SF:src\controllers\connection.controller.js
FN:9,(anonymous_0)
FN:34,(anonymous_1)
FNF:2
FNH:0
FNDA:0,(anonymous_0)
FNDA:0,(anonymous_1)
DA:1,3
DA:3,3
DA:4,3
DA:9,3
DA:10,0
DA:11,0
DA:16,0
DA:23,0
DA:34,3
DA:35,0
DA:36,0
DA:37,0
DA:45,0
DA:52,0
LF:14
LH:5
BRDA:25,0,0,0
BRDA:25,0,1,0
BRDA:54,1,0,0
BRDA:54,1,1,0
BRF:4
BRH:0
end_of_record
TN:
SF:src\controllers\friend.controller.js
FN:16,(anonymous_0)
FN:35,(anonymous_1)
FN:71,(anonymous_2)
FN:89,(anonymous_3)
FN:118,(anonymous_4)
FN:142,(anonymous_5)
FN:182,(anonymous_6)
FNF:7
FNH:0
FNDA:0,(anonymous_0)
FNDA:0,(anonymous_1)
FNDA:0,(anonymous_2)
FNDA:0,(anonymous_3)
FNDA:0,(anonymous_4)
FNDA:0,(anonymous_5)
FNDA:0,(anonymous_6)
DA:1,3
DA:6,3
DA:7,3
DA:11,3
DA:16,3
DA:17,0
DA:18,0
DA:22,0
DA:28,0
DA:35,3
DA:36,0
DA:37,0
DA:38,0
DA:40,0
DA:51,0
DA:57,0
DA:64,0
DA:71,3
DA:72,0
DA:73,0
DA:75,0
DA:77,0
DA:78,0
DA:80,0
DA:82,0
DA:89,3
DA:90,0
DA:91,0
DA:93,0
DA:95,0
DA:100,0
DA:107,0
DA:118,3
DA:119,0
DA:120,0
DA:122,0
DA:131,0
DA:133,0
DA:135,0
DA:142,3
DA:143,0
DA:144,0
DA:145,0
DA:147,0
DA:148,0
DA:160,0
DA:161,0
DA:168,0
DA:175,0
DA:182,3
DA:183,0
DA:184,0
DA:194,0
DA:201,0
LF:54
LH:11
BRDA:109,0,0,0
BRDA:109,0,1,0
BRDA:160,1,0,0
BRDA:160,1,1,0
BRF:4
BRH:0
end_of_record
TN:
SF:src\controllers\page.controller.js
FN:16,(anonymous_0)
FN:36,(anonymous_1)
FN:67,(anonymous_2)
FN:98,(anonymous_3)
FN:141,(anonymous_4)
FN:177,(anonymous_5)
FN:212,(anonymous_6)
FN:238,(anonymous_7)
FN:259,(anonymous_8)
FN:287,(anonymous_9)
FN:318,(anonymous_10)
FN:363,(anonymous_11)
FNF:12
FNH:4
FNDA:1,(anonymous_0)
FNDA:1,(anonymous_1)
FNDA:0,(anonymous_2)
FNDA:0,(anonymous_3)
FNDA:0,(anonymous_4)
FNDA:2,(anonymous_5)
FNDA:1,(anonymous_6)
FNDA:0,(anonymous_7)
FNDA:0,(anonymous_8)
FNDA:0,(anonymous_9)
FNDA:0,(anonymous_10)
FNDA:0,(anonymous_11)
DA:1,3
DA:8,3
DA:9,3
DA:10,3
DA:11,3
DA:16,3
DA:17,1
DA:18,1
DA:23,1
DA:25,0
DA:36,3
DA:37,1
DA:38,1
DA:39,1
DA:41,1
DA:49,1
DA:56,0
DA:67,3
DA:68,0
DA:69,0
DA:70,0
DA:72,0
DA:77,0
DA:78,0
DA:85,0
DA:87,0
DA:98,3
DA:99,0
DA:100,0
DA:102,0
DA:103,0
DA:105,0
DA:123,0
DA:130,0
DA:141,3
DA:142,0
DA:143,0
DA:145,0
DA:147,0
DA:156,0
DA:157,0
DA:164,0
DA:166,0
DA:177,3
DA:178,2
DA:179,2
DA:180,2
DA:181,2
DA:183,2
DA:193,2
DA:195,2
DA:200,2
DA:208,0
DA:212,3
DA:213,1
DA:214,1
DA:216,1
DA:218,1
DA:223,1
DA:230,0
DA:231,0
DA:238,3
DA:239,0
DA:240,0
DA:245,0
DA:252,0
DA:259,3
DA:260,0
DA:261,0
DA:263,0
DA:270,0
DA:271,0
DA:278,0
DA:280,0
DA:287,3
DA:288,0
DA:289,0
DA:309,0
DA:311,0
DA:318,3
DA:319,0
DA:320,0
DA:347,0
DA:355,0
DA:356,0
DA:363,3
DA:364,0
DA:365,0
DA:367,0
DA:368,0
DA:370,0
DA:381,0
DA:383,0
LF:93
LH:38
BRDA:27,0,0,0
BRDA:27,0,1,0
BRDA:58,1,0,0
BRDA:58,1,1,0
BRDA:77,2,0,0
BRDA:77,2,1,0
BRDA:89,3,0,0
BRDA:89,3,1,0
BRDA:132,4,0,0
BRDA:132,4,1,0
BRDA:156,5,0,0
BRDA:156,5,1,0
BRDA:168,6,0,0
BRDA:168,6,1,0
BRDA:180,7,0,1
BRDA:180,7,1,1
BRDA:270,8,0,0
BRDA:270,8,1,0
BRDA:365,9,0,0
BRF:19
BRH:2
end_of_record
TN:
SF:src\controllers\post.controller.js
FN:16,(anonymous_0)
FN:48,(anonymous_1)
FN:74,(anonymous_2)
FN:94,(anonymous_3)
FN:122,(anonymous_4)
FN:162,(anonymous_5)
FN:189,(anonymous_6)
FNF:7
FNH:7
FNDA:1,(anonymous_0)
FNDA:1,(anonymous_1)
FNDA:1,(anonymous_2)
FNDA:1,(anonymous_3)
FNDA:1,(anonymous_4)
FNDA:2,(anonymous_5)
FNDA:1,(anonymous_6)
DA:1,3
DA:2,3
DA:8,3
DA:9,3
DA:10,3
DA:11,3
DA:16,3
DA:17,1
DA:19,1
DA:21,1
DA:22,0
DA:30,1
DA:37,0
DA:48,3
DA:49,1
DA:50,1
DA:52,1
DA:60,1
DA:67,0
DA:74,3
DA:75,1
DA:76,1
DA:78,1
DA:80,1
DA:87,0
DA:94,3
DA:95,1
DA:96,1
DA:97,1
DA:99,1
DA:104,1
DA:111,0
DA:122,3
DA:123,1
DA:124,1
DA:125,1
DA:127,1
DA:133,1
DA:134,0
DA:142,1
DA:149,0
DA:162,3
DA:163,2
DA:164,2
DA:165,2
DA:166,2
DA:168,2
DA:170,2
DA:176,2
DA:178,0
DA:189,3
DA:190,1
DA:191,1
DA:193,1
DA:194,1
DA:196,1
DA:205,1
DA:207,0
LF:58
LH:49
BRDA:21,0,0,0
BRDA:21,0,1,1
BRDA:39,1,0,0
BRDA:39,1,1,0
BRDA:40,2,0,0
BRDA:40,2,1,0
BRDA:113,3,0,0
BRDA:113,3,1,0
BRDA:114,4,0,0
BRDA:114,4,1,0
BRDA:133,5,0,0
BRDA:133,5,1,1
BRDA:151,6,0,0
BRDA:151,6,1,0
BRDA:152,7,0,0
BRDA:152,7,1,0
BRDA:165,8,0,1
BRDA:165,8,1,1
BRDA:180,9,0,0
BRDA:180,9,1,0
BRDA:181,10,0,0
BRDA:181,10,1,0
BRDA:191,11,0,0
BRF:23
BRH:4
end_of_record
TN:
SF:src\controllers\reaction.controller.js
FN:7,(anonymous_0)
FN:41,(anonymous_1)
FNF:2
FNH:0
FNDA:0,(anonymous_0)
FNDA:0,(anonymous_1)
DA:1,3
DA:2,3
DA:7,3
DA:8,0
DA:9,0
DA:11,0
DA:15,0
DA:16,0
DA:18,0
DA:26,0
DA:27,0
DA:34,0
DA:41,3
DA:42,0
DA:43,0
DA:45,0
DA:49,0
DA:50,0
DA:52,0
DA:56,0
DA:57,0
DA:63,0
DA:70,0
LF:23
LH:4
BRDA:15,0,0,0
BRDA:15,0,1,0
BRDA:49,1,0,0
BRDA:49,1,1,0
BRDA:56,2,0,0
BRDA:56,2,1,0
BRF:6
BRH:0
end_of_record
TN:
SF:src\controllers\user.controller.js
FN:9,(anonymous_0)
FN:40,(anonymous_1)
FN:66,(anonymous_2)
FNF:3
FNH:0
FNDA:0,(anonymous_0)
FNDA:0,(anonymous_1)
FNDA:0,(anonymous_2)
DA:1,3
DA:2,3
DA:4,3
DA:9,3
DA:10,0
DA:11,0
DA:25,0
DA:32,0
DA:33,0
DA:40,3
DA:41,0
DA:42,0
DA:43,0
DA:55,0
DA:57,0
DA:59,0
DA:66,3
DA:67,0
DA:68,0
DA:69,0
DA:70,0
DA:94,0
DA:128,0
DA:130,0
LF:24
LH:6
BRDA:68,0,0,0
BRF:1
BRH:0
end_of_record
TN:
SF:src\middlewares\checkAuth.js
FN:6,(anonymous_0)
FNF:1
FNH:1
FNDA:13,(anonymous_0)
DA:1,3
DA:3,3
DA:4,3
DA:6,3
DA:7,13
DA:8,13
DA:9,13
DA:11,13
DA:13,13
DA:14,13
DA:27,13
DA:28,13
DA:30,13
DA:31,12
DA:33,12
DA:35,1
DA:36,1
LF:17
LH:17
BRF:0
BRH:0
end_of_record
TN:
SF:src\middlewares\checkPermission.js
FN:6,(anonymous_0)
FN:52,(anonymous_1)
FN:132,(anonymous_2)
FNF:3
FNH:3
FNDA:1,(anonymous_0)
FNDA:1,(anonymous_1)
FNDA:2,(anonymous_2)
DA:1,3
DA:3,3
DA:6,3
DA:7,1
DA:8,1
DA:11,1
DA:12,1
DA:15,0
DA:19,0
DA:20,0
DA:21,0
DA:24,0
DA:29,0
DA:34,0
DA:35,0
DA:42,0
DA:43,0
DA:44,0
DA:45,0
DA:47,0
DA:52,3
DA:53,1
DA:54,1
DA:58,1
DA:102,1
DA:104,1
DA:109,1
DA:110,0
DA:112,1
DA:113,1
DA:116,0
DA:117,0
DA:124,0
DA:126,0
DA:127,0
DA:132,3
DA:133,2
DA:134,2
DA:136,2
DA:180,2
DA:182,1
DA:187,1
DA:188,0
DA:190,1
DA:191,1
DA:194,0
DA:195,0
DA:202,0
DA:204,1
DA:205,1
LF:50
LH:27
BRDA:11,0,0,1
BRDA:11,0,1,0
BRDA:20,1,0,0
BRDA:20,1,1,0
BRDA:34,2,0,0
BRDA:34,2,1,0
BRDA:109,3,0,0
BRDA:109,3,1,1
BRDA:112,4,0,1
BRDA:112,4,1,0
BRDA:112,5,0,1
BRDA:112,5,1,1
BRDA:116,6,0,0
BRDA:116,6,1,0
BRDA:187,7,0,0
BRDA:187,7,1,1
BRDA:190,8,0,1
BRDA:190,8,1,0
BRDA:190,9,0,1
BRDA:190,9,1,1
BRDA:194,10,0,0
BRDA:194,10,1,0
BRDA:207,11,0,1
BRDA:207,11,1,0
BRF:24
BRH:10
end_of_record
TN:
SF:src\models\Comments.js
FNF:0
FNH:0
DA:1,3
LF:1
LH:1
BRF:0
BRH:0
end_of_record
TN:
SF:src\models\Connections.js
FNF:0
FNH:0
DA:1,3
LF:1
LH:1
BRF:0
BRH:0
end_of_record
TN:
SF:src\models\Friends.js
FNF:0
FNH:0
DA:1,3
LF:1
LH:1
BRF:0
BRH:0
end_of_record
TN:
SF:src\models\Page.js
FNF:0
FNH:0
DA:1,3
LF:1
LH:1
BRF:0
BRH:0
end_of_record
TN:
SF:src\models\Permissions.js
FNF:0
FNH:0
DA:1,3
LF:1
LH:1
BRF:0
BRH:0
end_of_record
TN:
SF:src\models\Posts.js
FNF:0
FNH:0
DA:1,3
LF:1
LH:1
BRF:0
BRH:0
end_of_record
TN:
SF:src\models\Reactions.js
FNF:0
FNH:0
DA:1,3
LF:1
LH:1
BRF:0
BRH:0
end_of_record
TN:
SF:src\models\Users.js
FNF:0
FNH:0
DA:6,3
DA:8,3
LF:2
LH:2
BRF:0
BRH:0
end_of_record
TN:
SF:src\queries\connection.queries.js
FN:1,(anonymous_0)
FN:4,(anonymous_1)
FNF:2
FNH:0
FNDA:0,(anonymous_0)
FNDA:0,(anonymous_1)
DA:1,3
DA:2,0
DA:4,3
DA:5,0
LF:4
LH:2
BRF:0
BRH:0
end_of_record
TN:
SF:src\queries\friend.queries.js
FN:4,(anonymous_0)
FN:12,(anonymous_1)
FN:94,(anonymous_2)
FNF:3
FNH:0
FNDA:0,(anonymous_0)
FNDA:0,(anonymous_1)
FNDA:0,(anonymous_2)
DA:1,3
DA:4,3
DA:12,3
DA:13,0
DA:14,0
DA:94,3
DA:100,0
DA:102,0
LF:8
LH:4
BRF:0
BRH:0
end_of_record
TN:
SF:src\queries\page.queries.js
FN:8,(anonymous_0)
FN:11,(anonymous_1)
FN:14,(anonymous_2)
FN:73,(anonymous_3)
FNF:4
FNH:2
FNDA:1,(anonymous_0)
FNDA:0,(anonymous_1)
FNDA:0,(anonymous_2)
FNDA:1,(anonymous_3)
DA:5,3
DA:6,3
DA:8,3
DA:9,1
DA:11,3
DA:12,0
DA:14,3
DA:20,0
DA:73,3
DA:75,1
LF:10
LH:8
BRF:0
BRH:0
end_of_record
TN:
SF:src\queries\post.queries.js
FN:10,(anonymous_0)
FN:91,(anonymous_1)
FN:278,(anonymous_2)
FNF:3
FNH:3
FNDA:1,(anonymous_0)
FNDA:1,(anonymous_1)
FNDA:2,(anonymous_2)
DA:6,3
DA:7,3
DA:10,3
DA:11,1
DA:13,1
DA:91,3
DA:92,1
DA:93,1
DA:278,3
DA:279,2
DA:280,2
LF:11
LH:11
BRF:0
BRH:0
end_of_record
TN:
SF:src\routers\auth.router.js
FNF:0
FNH:0
DA:1,3
DA:2,3
DA:8,3
DA:12,3
DA:15,3
DA:18,3
DA:21,3
DA:23,3
LF:8
LH:8
BRF:0
BRH:0
end_of_record
TN:
SF:src\routers\comment.router.js
FNF:0
FNH:0
DA:1,3
DA:7,3
DA:8,3
DA:12,3
DA:13,3
DA:16,3
DA:19,3
DA:27,3
DA:30,3
DA:32,3
LF:10
LH:10
BRF:0
BRH:0
end_of_record
TN:
SF:src\routers\connection.router.js
FNF:0
FNH:0
DA:1,3
DA:5,3
DA:6,3
DA:8,3
DA:9,3
DA:12,3
DA:15,3
DA:17,3
LF:8
LH:8
BRF:0
BRH:0
end_of_record
TN:
SF:src\routers\friend.router.js
FNF:0
FNH:0
DA:1,3
DA:2,3
DA:12,3
DA:13,3
DA:18,3
DA:21,3
DA:29,3
DA:37,3
DA:45,3
DA:48,3
DA:51,3
DA:54,3
DA:56,3
LF:13
LH:13
BRF:0
BRH:0
end_of_record
TN:
SF:src\routers\index.router.js
FN:24,(anonymous_0)
FNF:1
FNH:1
FNDA:24,(anonymous_0)
DA:1,3
DA:2,3
DA:4,3
DA:5,3
DA:6,3
DA:7,3
DA:8,3
DA:9,3
DA:10,3
DA:11,3
DA:13,3
DA:24,3
DA:25,24
DA:28,3
LF:14
LH:14
BRF:0
BRH:0
end_of_record
TN:
SF:src\routers\page.router.js
FNF:0
FNH:0
DA:1,3
DA:2,3
DA:18,3
DA:19,3
DA:23,3
DA:27,3
DA:30,3
DA:33,3
DA:36,3
DA:39,3
DA:42,3
DA:45,3
DA:48,3
DA:51,3
DA:54,3
DA:62,3
DA:65,3
DA:68,3
DA:70,3
LF:19
LH:19
BRF:0
BRH:0
end_of_record
TN:
SF:src\routers\post.router.js
FNF:0
FNH:0
DA:1,3
DA:2,3
DA:13,3
DA:14,3
DA:19,3
DA:23,3
DA:26,3
DA:35,3
DA:44,3
DA:52,3
DA:55,3
DA:58,3
DA:61,3
DA:63,3
LF:14
LH:14
BRF:0
BRH:0
end_of_record
TN:
SF:src\routers\reaction.router.js
FNF:0
FNH:0
DA:1,3
DA:2,3
DA:4,3
DA:5,3
DA:6,3
DA:9,3
DA:12,3
DA:14,3
LF:8
LH:8
BRF:0
BRH:0
end_of_record
TN:
SF:src\routers\user.router.js
FNF:0
FNH:0
DA:1,3
DA:2,3
DA:8,3
DA:9,3
DA:10,3
DA:13,3
DA:16,3
DA:19,3
DA:21,3
LF:9
LH:9
BRF:0
BRH:0
end_of_record
TN:
SF:src\utils\mongodb_utils.js
FN:16,(anonymous_0)
FN:36,(anonymous_1)
FNF:2
FNH:2
FNDA:11,(anonymous_0)
FNDA:11,(anonymous_1)
DA:2,3
DA:16,3
DA:17,11
DA:21,11
DA:23,11
DA:36,3
DA:37,11
DA:46,3
LF:8
LH:8
BRF:0
BRH:0
end_of_record
TN:
SF:src\utils\pagination.js
FN:4,(anonymous_0)
FNF:1
FNH:1
FNDA:6,(anonymous_0)
DA:1,3
DA:4,3
DA:5,6
DA:7,6
DA:8,6
DA:9,6
DA:10,6
DA:13,6
LF:8
LH:8
BRDA:5,0,0,6
BRDA:5,1,0,4
BRDA:5,2,0,6
BRDA:5,3,0,6
BRDA:5,3,1,0
BRDA:8,4,0,6
BRDA:8,4,1,0
BRDA:10,5,0,0
BRDA:10,5,1,6
BRF:9
BRH:6
end_of_record
TN:
SF:src\utils\sendResponce.js
FN:2,(anonymous_0)
FNF:1
FNH:1
FNDA:26,(anonymous_0)
DA:2,3
DA:10,26
DA:11,26
LF:3
LH:3
BRF:0
BRH:0
end_of_record
TN:
SF:src\utils\token.js
FN:4,(anonymous_0)
FN:9,(anonymous_1)
FNF:2
FNH:2
FNDA:4,(anonymous_0)
FNDA:13,(anonymous_1)
DA:1,3
DA:4,3
DA:5,4
DA:9,3
DA:10,13
LF:5
LH:5
BRF:0
BRH:0
end_of_record
TN:
SF:src\utils\validation_utils.js
FN:4,(anonymous_0)
FN:10,(anonymous_1)
FN:14,(anonymous_2)
FN:20,(anonymous_3)
FN:24,(anonymous_4)
FNF:5
FNH:4
FNDA:8,(anonymous_0)
FNDA:4,(anonymous_1)
FNDA:8,(anonymous_2)
FNDA:16,(anonymous_3)
FNDA:0,(anonymous_4)
DA:1,3
DA:4,3
DA:5,8
DA:10,3
DA:11,4
DA:14,3
DA:15,8
DA:20,3
DA:21,16
DA:24,3
DA:25,0
LF:11
LH:10
BRDA:21,0,0,16
BRDA:21,0,1,16
BRF:2
BRH:2
end_of_record
TN:
SF:src\validators\comment.validator.js
FN:12,(anonymous_0)
FN:44,(anonymous_1)
FNF:2
FNH:0
FNDA:0,(anonymous_0)
FNDA:0,(anonymous_1)
DA:1,3
DA:2,3
DA:4,3
DA:5,3
DA:6,3
DA:10,3
DA:12,3
DA:13,0
DA:14,0
DA:16,0
DA:17,0
DA:19,0
DA:20,0
DA:22,0
DA:26,0
DA:29,0
DA:32,0
DA:34,0
DA:36,0
DA:44,3
DA:45,0
DA:46,0
DA:48,0
DA:54,0
DA:55,0
DA:56,0
DA:58,0
DA:61,0
DA:65,0
DA:67,0
DA:69,0
DA:70,0
LF:32
LH:8
BRDA:19,0,0,0
BRDA:19,0,1,0
BRDA:38,1,0,0
BRDA:38,1,1,0
BRDA:39,2,0,0
BRDA:39,2,1,0
BRDA:54,3,0,0
BRDA:54,3,1,0
BRDA:55,4,0,0
BRDA:55,4,1,0
BRDA:56,5,0,0
BRDA:56,5,1,0
BRDA:72,6,0,0
BRDA:72,6,1,0
BRDA:73,7,0,0
BRDA:73,7,1,0
BRF:16
BRH:0
end_of_record
TN:
SF:src\validators\connection.validation.js
FN:8,(anonymous_0)
FN:41,(anonymous_1)
FNF:2
FNH:0
FNDA:0,(anonymous_0)
FNDA:0,(anonymous_1)
DA:1,3
DA:3,3
DA:4,3
DA:5,3
DA:6,3
DA:8,3
DA:9,0
DA:10,0
DA:11,0
DA:12,0
DA:15,0
DA:16,0
DA:18,0
DA:21,0
DA:27,0
DA:30,0
DA:33,0
DA:35,0
DA:37,0
DA:41,3
DA:42,0
DA:43,0
DA:45,0
DA:46,0
DA:49,0
DA:55,0
DA:57,0
DA:59,0
LF:28
LH:7
BRDA:11,0,0,0
BRDA:11,0,1,0
BRDA:45,1,0,0
BRDA:45,1,1,0
BRDA:61,2,0,0
BRDA:61,2,1,0
BRDA:62,3,0,0
BRDA:62,3,1,0
BRF:8
BRH:0
end_of_record
TN:
SF:src\validators\friend.validator.js
FN:9,(anonymous_0)
FN:55,(anonymous_1)
FN:83,(anonymous_2)
FNF:3
FNH:0
FNDA:0,(anonymous_0)
FNDA:0,(anonymous_1)
FNDA:0,(anonymous_2)
DA:1,3
DA:3,3
DA:4,3
DA:5,3
DA:6,3
DA:7,3
DA:9,3
DA:10,0
DA:11,0
DA:12,0
DA:14,0
DA:15,0
DA:17,0
DA:18,0
DA:20,0
DA:23,0
DA:29,0
DA:32,0
DA:33,0
DA:36,0
DA:42,0
DA:45,0
DA:47,0
DA:55,3
DA:56,0
DA:57,0
DA:58,0
DA:60,0
DA:71,0
DA:73,0
DA:75,0
DA:83,3
DA:84,0
DA:85,0
DA:86,0
DA:88,0
DA:99,0
DA:101,0
DA:103,0
LF:39
LH:9
BRDA:14,0,0,0
BRDA:14,0,1,0
BRDA:49,1,0,0
BRDA:49,1,1,0
BRDA:77,2,0,0
BRDA:77,2,1,0
BRDA:78,3,0,0
BRDA:78,3,1,0
BRDA:105,4,0,0
BRDA:105,4,1,0
BRDA:106,5,0,0
BRDA:106,5,1,0
BRF:12
BRH:0
end_of_record
TN:
SF:src\validators\generalValidation.js
FN:6,(anonymous_0)
FN:59,(anonymous_1)
FN:91,(anonymous_2)
FNF:3
FNH:2
FNDA:7,(anonymous_0)
FNDA:0,(anonymous_1)
FNDA:2,(anonymous_2)
DA:1,3
DA:3,3
DA:6,3
DA:7,7
DA:8,0
DA:11,7
DA:13,7
DA:14,105
DA:17,105
DA:18,61
DA:19,61
DA:25,44
DA:26,0
DA:30,44
DA:31,10
DA:32,0
DA:33,10
DA:34,10
DA:38,34
DA:39,0
DA:40,0
DA:44,34
DA:45,0
DA:49,34
DA:54,0
DA:58,34
DA:59,0
DA:61,0
DA:62,0
DA:67,34
DA:68,0
DA:72,34
DA:73,0
DA:79,34
DA:84,0
DA:91,3
DA:92,2
DA:94,2
DA:95,2
DA:96,5
DA:98,5
DA:99,5
DA:102,5
DA:103,0
DA:104,0
DA:105,0
DA:106,0
DA:110,5
DA:111,0
DA:112,0
DA:116,5
DA:117,0
DA:120,5
DA:125,0
DA:129,5
DA:134,0
DA:138,5
DA:139,0
DA:142,5
DA:143,0
LF:60
LH:36
BRDA:7,0,0,0
BRDA:7,0,1,7
BRDA:17,1,0,61
BRDA:17,1,1,44
BRDA:17,2,0,105
BRDA:17,2,1,67
BRDA:25,3,0,0
BRDA:25,3,1,44
BRDA:25,4,0,44
BRDA:25,4,1,24
BRDA:30,5,0,10
BRDA:30,5,1,34
BRDA:31,6,0,0
BRDA:31,6,1,10
BRDA:38,7,0,0
BRDA:38,7,1,34
BRDA:39,8,0,0
BRDA:39,8,1,0
BRDA:44,9,0,0
BRDA:44,9,1,34
BRDA:44,10,0,34
BRDA:44,10,1,28
BRDA:49,11,0,0
BRDA:49,11,1,34
BRDA:50,12,0,34
BRDA:50,12,1,28
BRDA:50,12,2,8
BRDA:58,13,0,0
BRDA:58,13,1,34
BRDA:58,14,0,34
BRDA:58,14,1,0
BRDA:61,15,0,0
BRDA:61,15,1,0
BRDA:67,16,0,0
BRDA:67,16,1,34
BRDA:67,17,0,34
BRDA:67,17,1,0
BRDA:72,18,0,0
BRDA:72,18,1,34
BRDA:72,19,0,34
BRDA:72,19,1,2
BRDA:79,20,0,0
BRDA:79,20,1,34
BRDA:80,21,0,34
BRDA:80,21,1,12
BRDA:80,21,2,12
BRDA:92,22,0,0
BRDA:92,22,1,2
BRDA:96,23,0,0
BRDA:96,23,1,5
BRDA:99,24,0,0
BRDA:99,24,1,5
BRDA:102,25,0,0
BRDA:102,25,1,5
BRDA:103,26,0,0
BRDA:103,26,1,0
BRDA:110,27,0,0
BRDA:110,27,1,5
BRDA:111,28,0,0
BRDA:111,28,1,0
BRDA:116,29,0,0
BRDA:116,29,1,5
BRDA:116,30,0,5
BRDA:116,30,1,5
BRDA:120,31,0,0
BRDA:120,31,1,5
BRDA:121,32,0,5
BRDA:121,32,1,5
BRDA:121,32,2,2
BRDA:129,33,0,0
BRDA:129,33,1,5
BRDA:130,34,0,5
BRDA:130,34,1,0
BRDA:130,34,2,0
BRDA:138,35,0,0
BRDA:138,35,1,5
BRDA:138,36,0,5
BRDA:138,36,1,0
BRDA:142,37,0,0
BRDA:142,37,1,5
BRDA:142,38,0,5
BRDA:142,38,1,1
BRF:82
BRH:49
end_of_record
TN:
SF:src\validators\page.validation.js
FN:11,(anonymous_0)
FN:26,(anonymous_1)
FN:50,(anonymous_2)
FNF:3
FNH:2
FNDA:1,(anonymous_0)
FNDA:1,(anonymous_1)
FNDA:0,(anonymous_2)
DA:1,3
DA:3,3
DA:4,3
DA:5,3
DA:9,3
DA:11,3
DA:12,1
DA:13,1
DA:14,1
DA:16,1
DA:18,0
DA:26,3
DA:27,1
DA:28,1
DA:29,1
DA:31,1
DA:33,1
DA:34,1
DA:40,1
DA:42,0
DA:50,3
LF:21
LH:19
BRDA:20,0,0,0
BRDA:20,0,1,0
BRDA:44,1,0,0
BRDA:44,1,1,0
BRF:4
BRH:0
end_of_record
TN:
SF:src\validators\permission.validation.js
FN:9,(anonymous_0)
FN:39,(anonymous_1)
FNF:2
FNH:0
FNDA:0,(anonymous_0)
FNDA:0,(anonymous_1)
DA:1,3
DA:3,3
DA:4,3
DA:5,3
DA:6,3
DA:7,3
DA:9,3
DA:10,0
DA:11,0
DA:13,0
DA:15,0
DA:16,0
DA:18,0
DA:19,0
DA:21,0
DA:26,0
DA:32,0
DA:34,0
DA:35,0
DA:39,3
DA:40,0
DA:41,0
DA:43,0
DA:87,0
DA:88,0
DA:94,0
DA:96,0
LF:27
LH:8
BRF:0
BRH:0
end_of_record
TN:
SF:src\validators\post.validation.js
FN:10,(anonymous_0)
FN:73,(anonymous_1)
FN:108,(anonymous_2)
FNF:3
FNH:2
FNDA:2,(anonymous_0)
FNDA:1,(anonymous_1)
FNDA:0,(anonymous_2)
DA:1,3
DA:3,3
DA:4,3
DA:5,3
DA:6,3
DA:7,3
DA:10,3
DA:11,2
DA:13,2
DA:15,2
DA:16,2
DA:18,2
DA:19,0
DA:44,0
DA:48,2
DA:49,2
DA:53,2
DA:54,1
DA:58,1
DA:59,0
DA:62,1
DA:64,1
DA:65,1
DA:73,3
DA:74,1
DA:75,1
DA:77,1
DA:78,1
DA:80,1
DA:82,1
DA:85,1
DA:86,1
DA:89,1
DA:90,0
DA:94,1
DA:95,0
DA:98,1
DA:100,0
DA:108,3
DA:109,0
LF:40
LH:33
BRDA:18,0,0,0
BRDA:18,0,1,2
BRDA:49,1,0,2
BRDA:49,1,1,0
BRDA:53,2,0,1
BRDA:53,2,1,1
BRDA:53,3,0,2
BRDA:53,3,1,1
BRDA:58,4,0,0
BRDA:58,4,1,1
BRDA:58,5,0,1
BRDA:58,5,1,1
BRDA:58,5,2,0
BRDA:67,6,0,1
BRDA:67,6,1,1
BRDA:89,7,0,0
BRDA:89,7,1,1
BRDA:89,8,0,1
BRDA:89,8,1,0
BRDA:94,9,0,0
BRDA:94,9,1,1
BRDA:94,10,0,1
BRDA:94,10,1,1
BRDA:94,10,2,0
BRDA:102,11,0,0
BRDA:102,11,1,0
BRF:26
BRH:16
end_of_record
TN:
SF:src\validators\reaction.validate.js
FN:8,(anonymous_0)
FNF:1
FNH:0
FNDA:0,(anonymous_0)
DA:1,3
DA:3,3
DA:4,3
DA:5,3
DA:6,3
DA:8,3
DA:9,0
DA:10,0
DA:12,0
DA:13,0
DA:15,0
DA:16,0
DA:18,0
DA:20,0
DA:37,0
DA:44,0
DA:46,0
LF:17
LH:6
BRDA:18,0,0,0
BRDA:18,0,1,0
BRDA:38,1,0,0
BRDA:38,1,1,0
BRF:4
BRH:0
end_of_record
TN:
SF:src\validators\user.validation.js
FN:12,(anonymous_0)
FN:47,(anonymous_1)
FN:63,(anonymous_2)
FN:85,(anonymous_3)
FNF:4
FNH:2
FNDA:4,(anonymous_0)
FNDA:4,(anonymous_1)
FNDA:0,(anonymous_2)
FNDA:0,(anonymous_3)
DA:1,3
DA:3,3
DA:4,3
DA:5,3
DA:6,3
DA:10,3
DA:12,3
DA:13,4
DA:14,4
DA:16,4
DA:18,4
DA:21,4
DA:30,4
DA:35,2
DA:41,2
DA:43,2
DA:47,3
DA:48,4
DA:49,4
DA:50,4
DA:56,4
DA:58,0
DA:59,0
DA:63,3
DA:64,0
DA:65,0
DA:67,0
DA:69,0
DA:71,0
DA:73,0
DA:74,0
DA:76,0
DA:77,0
DA:79,0
DA:81,0
DA:85,3
DA:86,0
LF:37
LH:23
BRDA:16,0,0,0
BRDA:16,0,1,4
BRDA:67,1,0,0
BRDA:67,1,1,0
BRF:4
BRH:1
end_of_record
TN:
SF:tests\db.js
FN:7,(anonymous_0)
FN:87,(anonymous_1)
FNF:2
FNH:1
FNDA:3,(anonymous_0)
FNDA:0,(anonymous_1)
DA:1,3
DA:2,3
DA:4,3
DA:5,3
DA:7,3
DA:10,3
DA:11,3
DA:12,3
DA:21,3
DA:24,3
DA:27,3
DA:28,3
DA:29,3
DA:38,3
DA:39,3
DA:40,3
DA:50,3
DA:51,3
DA:58,3
DA:66,3
DA:67,3
DA:75,3
DA:76,3
DA:82,3
DA:87,3
DA:94,3
LF:26
LH:26
BRF:0
BRH:0
end_of_record
