TN:
SF:src\app.js
FN:14,(anonymous_0)
FNF:1
FNH:1
FNDA:1,(anonymous_0)
DA:1,1
DA:3,1
DA:5,1
DA:7,1
DA:8,1
DA:10,1
DA:12,1
DA:14,1
DA:15,1
DA:16,0
DA:18,1
DA:19,1
DA:27,1
DA:35,1
LF:14
LH:13
BRDA:15,0,0,0
BRDA:15,0,1,1
BRF:2
BRH:1
end_of_record
TN:
SF:src\DB\connectDB.js
FN:9,(anonymous_0)
FN:20,(anonymous_1)
FNF:2
FNH:1
FNDA:1,(anonymous_0)
FNDA:0,(anonymous_1)
DA:1,1
DA:3,1
DA:4,1
DA:7,1
DA:10,1
DA:11,1
DA:12,1
DA:13,1
DA:14,1
DA:16,0
DA:21,0
LF:11
LH:9
BRF:0
BRH:0
end_of_record
TN:
SF:src\controllers\auth.controller.js
FN:10,(anonymous_0)
FN:42,(anonymous_1)
FN:84,(anonymous_2)
FNF:3
FNH:0
FNDA:0,(anonymous_0)
FNDA:0,(anonymous_1)
FNDA:0,(anonymous_2)
DA:1,1
DA:2,1
DA:4,1
DA:5,1
DA:10,1
DA:11,0
DA:12,0
DA:14,0
DA:15,0
DA:19,0
DA:20,0
DA:22,0
DA:30,0
DA:42,1
DA:43,0
DA:44,0
DA:46,0
DA:57,0
DA:60,0
DA:61,0
DA:64,0
DA:66,0
DA:73,0
DA:84,1
DA:85,0
DA:88,0
DA:90,0
DA:96,0
DA:98,0
DA:99,0
DA:106,0
DA:112,0
LF:32
LH:7
BRDA:98,0,0,0
BRDA:98,0,1,0
BRDA:114,1,0,0
BRDA:114,1,1,0
BRF:4
BRH:0
end_of_record
TN:
SF:src\controllers\comment.controller.js
FN:7,(anonymous_0)
FN:20,(anonymous_1)
FN:45,(anonymous_2)
FN:69,(anonymous_3)
FNF:4
FNH:0
FNDA:0,(anonymous_0)
FNDA:0,(anonymous_1)
FNDA:0,(anonymous_2)
FNDA:0,(anonymous_3)
DA:1,1
DA:2,1
DA:7,1
DA:8,0
DA:9,0
DA:10,0
DA:11,0
DA:13,0
DA:20,1
DA:21,0
DA:22,0
DA:24,0
DA:25,0
DA:31,0
DA:38,0
DA:45,1
DA:46,0
DA:47,0
DA:48,0
DA:52,0
DA:53,0
DA:60,0
DA:62,0
DA:69,1
DA:70,0
DA:71,0
DA:75,0
DA:82,0
LF:28
LH:6
BRDA:52,0,0,0
BRDA:52,0,1,0
BRF:2
BRH:0
end_of_record
TN:
SF:src\controllers\connection.controller.js
FN:9,(anonymous_0)
FN:34,(anonymous_1)
FNF:2
FNH:0
FNDA:0,(anonymous_0)
FNDA:0,(anonymous_1)
DA:1,1
DA:3,1
DA:4,1
DA:9,1
DA:10,0
DA:11,0
DA:16,0
DA:23,0
DA:34,1
DA:35,0
DA:36,0
DA:37,0
DA:45,0
DA:52,0
LF:14
LH:5
BRDA:25,0,0,0
BRDA:25,0,1,0
BRDA:54,1,0,0
BRDA:54,1,1,0
BRF:4
BRH:0
end_of_record
TN:
SF:src\controllers\friend.controller.js
FN:16,(anonymous_0)
FN:35,(anonymous_1)
FN:71,(anonymous_2)
FN:89,(anonymous_3)
FN:118,(anonymous_4)
FN:142,(anonymous_5)
FN:182,(anonymous_6)
FNF:7
FNH:0
FNDA:0,(anonymous_0)
FNDA:0,(anonymous_1)
FNDA:0,(anonymous_2)
FNDA:0,(anonymous_3)
FNDA:0,(anonymous_4)
FNDA:0,(anonymous_5)
FNDA:0,(anonymous_6)
DA:1,1
DA:6,1
DA:7,1
DA:11,1
DA:16,1
DA:17,0
DA:18,0
DA:22,0
DA:28,0
DA:35,1
DA:36,0
DA:37,0
DA:38,0
DA:40,0
DA:51,0
DA:57,0
DA:64,0
DA:71,1
DA:72,0
DA:73,0
DA:75,0
DA:77,0
DA:78,0
DA:80,0
DA:82,0
DA:89,1
DA:90,0
DA:91,0
DA:93,0
DA:95,0
DA:100,0
DA:107,0
DA:118,1
DA:119,0
DA:120,0
DA:122,0
DA:131,0
DA:133,0
DA:135,0
DA:142,1
DA:143,0
DA:144,0
DA:145,0
DA:147,0
DA:148,0
DA:160,0
DA:161,0
DA:168,0
DA:175,0
DA:182,1
DA:183,0
DA:184,0
DA:194,0
DA:201,0
LF:54
LH:11
BRDA:109,0,0,0
BRDA:109,0,1,0
BRDA:160,1,0,0
BRDA:160,1,1,0
BRF:4
BRH:0
end_of_record
TN:
SF:src\controllers\page.controller.js
FN:16,(anonymous_0)
FN:36,(anonymous_1)
FN:67,(anonymous_2)
FN:94,(anonymous_3)
FN:137,(anonymous_4)
FN:173,(anonymous_5)
FN:208,(anonymous_6)
FN:234,(anonymous_7)
FN:255,(anonymous_8)
FN:283,(anonymous_9)
FN:314,(anonymous_10)
FN:359,(anonymous_11)
FNF:12
FNH:0
FNDA:0,(anonymous_0)
FNDA:0,(anonymous_1)
FNDA:0,(anonymous_2)
FNDA:0,(anonymous_3)
FNDA:0,(anonymous_4)
FNDA:0,(anonymous_5)
FNDA:0,(anonymous_6)
FNDA:0,(anonymous_7)
FNDA:0,(anonymous_8)
FNDA:0,(anonymous_9)
FNDA:0,(anonymous_10)
FNDA:0,(anonymous_11)
DA:1,1
DA:8,1
DA:9,1
DA:10,1
DA:11,1
DA:16,1
DA:17,0
DA:18,0
DA:23,0
DA:25,0
DA:36,1
DA:37,0
DA:38,0
DA:39,0
DA:41,0
DA:49,0
DA:56,0
DA:67,1
DA:68,0
DA:69,0
DA:70,0
DA:72,0
DA:77,0
DA:78,0
DA:85,0
DA:87,0
DA:94,1
DA:95,0
DA:96,0
DA:98,0
DA:99,0
DA:101,0
DA:119,0
DA:126,0
DA:137,1
DA:138,0
DA:139,0
DA:141,0
DA:143,0
DA:152,0
DA:153,0
DA:160,0
DA:162,0
DA:173,1
DA:174,0
DA:175,0
DA:176,0
DA:177,0
DA:179,0
DA:189,0
DA:191,0
DA:196,0
DA:204,0
DA:208,1
DA:209,0
DA:210,0
DA:212,0
DA:214,0
DA:219,0
DA:226,0
DA:227,0
DA:234,1
DA:235,0
DA:236,0
DA:241,0
DA:248,0
DA:255,1
DA:256,0
DA:257,0
DA:259,0
DA:266,0
DA:267,0
DA:274,0
DA:276,0
DA:283,1
DA:284,0
DA:285,0
DA:305,0
DA:307,0
DA:314,1
DA:315,0
DA:316,0
DA:343,0
DA:351,0
DA:352,0
DA:359,1
DA:360,0
DA:361,0
DA:363,0
DA:364,0
DA:366,0
DA:377,0
DA:379,0
LF:93
LH:17
BRDA:27,0,0,0
BRDA:27,0,1,0
BRDA:77,1,0,0
BRDA:77,1,1,0
BRDA:128,2,0,0
BRDA:128,2,1,0
BRDA:152,3,0,0
BRDA:152,3,1,0
BRDA:164,4,0,0
BRDA:164,4,1,0
BRDA:176,5,0,0
BRDA:176,5,1,0
BRDA:266,6,0,0
BRDA:266,6,1,0
BRDA:361,7,0,0
BRF:15
BRH:0
end_of_record
TN:
SF:src\controllers\post.controller.js
FN:16,(anonymous_0)
FN:48,(anonymous_1)
FN:74,(anonymous_2)
FN:94,(anonymous_3)
FN:122,(anonymous_4)
FN:162,(anonymous_5)
FN:189,(anonymous_6)
FNF:7
FNH:0
FNDA:0,(anonymous_0)
FNDA:0,(anonymous_1)
FNDA:0,(anonymous_2)
FNDA:0,(anonymous_3)
FNDA:0,(anonymous_4)
FNDA:0,(anonymous_5)
FNDA:0,(anonymous_6)
DA:1,1
DA:2,1
DA:8,1
DA:9,1
DA:10,1
DA:11,1
DA:16,1
DA:17,0
DA:18,0
DA:19,0
DA:21,0
DA:22,0
DA:30,0
DA:37,0
DA:48,1
DA:49,0
DA:50,0
DA:52,0
DA:60,0
DA:67,0
DA:74,1
DA:75,0
DA:76,0
DA:78,0
DA:80,0
DA:87,0
DA:94,1
DA:95,0
DA:96,0
DA:97,0
DA:99,0
DA:104,0
DA:111,0
DA:122,1
DA:123,0
DA:124,0
DA:125,0
DA:127,0
DA:133,0
DA:134,0
DA:142,0
DA:149,0
DA:162,1
DA:163,0
DA:164,0
DA:165,0
DA:166,0
DA:168,0
DA:170,0
DA:176,0
DA:178,0
DA:189,1
DA:190,0
DA:191,0
DA:193,0
DA:194,0
DA:196,0
DA:205,0
DA:207,0
LF:59
LH:13
BRDA:21,0,0,0
BRDA:21,0,1,0
BRDA:39,1,0,0
BRDA:39,1,1,0
BRDA:40,2,0,0
BRDA:40,2,1,0
BRDA:113,3,0,0
BRDA:113,3,1,0
BRDA:114,4,0,0
BRDA:114,4,1,0
BRDA:133,5,0,0
BRDA:133,5,1,0
BRDA:151,6,0,0
BRDA:151,6,1,0
BRDA:152,7,0,0
BRDA:152,7,1,0
BRDA:165,8,0,0
BRDA:165,8,1,0
BRDA:180,9,0,0
BRDA:180,9,1,0
BRDA:181,10,0,0
BRDA:181,10,1,0
BRDA:191,11,0,0
BRF:23
BRH:0
end_of_record
TN:
SF:src\controllers\reaction.controller.js
FN:7,(anonymous_0)
FN:41,(anonymous_1)
FNF:2
FNH:0
FNDA:0,(anonymous_0)
FNDA:0,(anonymous_1)
DA:1,1
DA:2,1
DA:7,1
DA:8,0
DA:9,0
DA:11,0
DA:15,0
DA:16,0
DA:18,0
DA:26,0
DA:27,0
DA:34,0
DA:41,1
DA:42,0
DA:43,0
DA:45,0
DA:49,0
DA:50,0
DA:52,0
DA:56,0
DA:57,0
DA:63,0
DA:70,0
LF:23
LH:4
BRDA:15,0,0,0
BRDA:15,0,1,0
BRDA:49,1,0,0
BRDA:49,1,1,0
BRDA:56,2,0,0
BRDA:56,2,1,0
BRF:6
BRH:0
end_of_record
TN:
SF:src\controllers\user.controller.js
FN:9,(anonymous_0)
FN:40,(anonymous_1)
FN:66,(anonymous_2)
FNF:3
FNH:0
FNDA:0,(anonymous_0)
FNDA:0,(anonymous_1)
FNDA:0,(anonymous_2)
DA:1,1
DA:2,1
DA:4,1
DA:9,1
DA:10,0
DA:11,0
DA:25,0
DA:32,0
DA:33,0
DA:40,1
DA:41,0
DA:42,0
DA:43,0
DA:55,0
DA:57,0
DA:59,0
DA:66,1
DA:67,0
DA:68,0
DA:69,0
DA:70,0
DA:94,0
DA:128,0
DA:130,0
LF:24
LH:6
BRDA:68,0,0,0
BRF:1
BRH:0
end_of_record
TN:
SF:src\middlewares\checkAuth.js
FN:6,(anonymous_0)
FNF:1
FNH:0
FNDA:0,(anonymous_0)
DA:1,1
DA:3,1
DA:4,1
DA:6,1
DA:7,0
DA:8,0
DA:9,0
DA:11,0
DA:13,0
DA:14,0
DA:27,0
DA:28,0
DA:30,0
DA:31,0
DA:33,0
DA:35,0
DA:36,0
LF:17
LH:4
BRF:0
BRH:0
end_of_record
TN:
SF:src\middlewares\checkPermission.js
FN:6,(anonymous_0)
FN:52,(anonymous_1)
FN:132,(anonymous_2)
FNF:3
FNH:0
FNDA:0,(anonymous_0)
FNDA:0,(anonymous_1)
FNDA:0,(anonymous_2)
DA:1,1
DA:3,1
DA:6,1
DA:7,0
DA:8,0
DA:11,0
DA:12,0
DA:15,0
DA:19,0
DA:20,0
DA:21,0
DA:24,0
DA:29,0
DA:34,0
DA:35,0
DA:42,0
DA:43,0
DA:44,0
DA:45,0
DA:47,0
DA:52,1
DA:53,0
DA:54,0
DA:58,0
DA:102,0
DA:104,0
DA:109,0
DA:110,0
DA:112,0
DA:113,0
DA:116,0
DA:117,0
DA:124,0
DA:126,0
DA:127,0
DA:132,1
DA:133,0
DA:134,0
DA:136,0
DA:180,0
DA:182,0
DA:187,0
DA:188,0
DA:190,0
DA:191,0
DA:194,0
DA:195,0
DA:202,0
DA:204,0
DA:205,0
LF:50
LH:5
BRDA:11,0,0,0
BRDA:11,0,1,0
BRDA:20,1,0,0
BRDA:20,1,1,0
BRDA:34,2,0,0
BRDA:34,2,1,0
BRDA:109,3,0,0
BRDA:109,3,1,0
BRDA:112,4,0,0
BRDA:112,4,1,0
BRDA:112,5,0,0
BRDA:112,5,1,0
BRDA:116,6,0,0
BRDA:116,6,1,0
BRDA:187,7,0,0
BRDA:187,7,1,0
BRDA:190,8,0,0
BRDA:190,8,1,0
BRDA:190,9,0,0
BRDA:190,9,1,0
BRDA:194,10,0,0
BRDA:194,10,1,0
BRF:22
BRH:0
end_of_record
TN:
SF:src\models\Comments.js
FNF:0
FNH:0
DA:1,1
LF:1
LH:1
BRF:0
BRH:0
end_of_record
TN:
SF:src\models\Connections.js
FNF:0
FNH:0
DA:1,1
LF:1
LH:1
BRF:0
BRH:0
end_of_record
TN:
SF:src\models\Friends.js
FNF:0
FNH:0
DA:1,1
LF:1
LH:1
BRF:0
BRH:0
end_of_record
TN:
SF:src\models\Page.js
FNF:0
FNH:0
DA:1,1
LF:1
LH:1
BRF:0
BRH:0
end_of_record
TN:
SF:src\models\Permissions.js
FNF:0
FNH:0
DA:1,1
LF:1
LH:1
BRF:0
BRH:0
end_of_record
TN:
SF:src\models\Posts.js
FNF:0
FNH:0
DA:1,1
LF:1
LH:1
BRF:0
BRH:0
end_of_record
TN:
SF:src\models\Reactions.js
FNF:0
FNH:0
DA:1,1
LF:1
LH:1
BRF:0
BRH:0
end_of_record
TN:
SF:src\models\Users.js
FNF:0
FNH:0
DA:6,1
DA:8,1
LF:2
LH:2
BRF:0
BRH:0
end_of_record
TN:
SF:src\queries\connection.queries.js
FN:1,(anonymous_0)
FN:4,(anonymous_1)
FNF:2
FNH:0
FNDA:0,(anonymous_0)
FNDA:0,(anonymous_1)
DA:1,1
DA:2,0
DA:4,1
DA:5,0
LF:4
LH:2
BRF:0
BRH:0
end_of_record
TN:
SF:src\queries\friend.queries.js
FN:4,(anonymous_0)
FN:12,(anonymous_1)
FN:94,(anonymous_2)
FNF:3
FNH:0
FNDA:0,(anonymous_0)
FNDA:0,(anonymous_1)
FNDA:0,(anonymous_2)
DA:1,1
DA:4,1
DA:12,1
DA:13,0
DA:14,0
DA:94,1
DA:100,0
DA:102,0
LF:8
LH:4
BRF:0
BRH:0
end_of_record
TN:
SF:src\queries\page.queries.js
FN:8,(anonymous_0)
FN:11,(anonymous_1)
FN:14,(anonymous_2)
FN:73,(anonymous_3)
FNF:4
FNH:0
FNDA:0,(anonymous_0)
FNDA:0,(anonymous_1)
FNDA:0,(anonymous_2)
FNDA:0,(anonymous_3)
DA:5,1
DA:6,1
DA:8,1
DA:9,0
DA:11,1
DA:12,0
DA:14,1
DA:20,0
DA:73,1
DA:75,0
LF:10
LH:6
BRF:0
BRH:0
end_of_record
TN:
SF:src\queries\post.queries.js
FN:10,(anonymous_0)
FN:91,(anonymous_1)
FN:278,(anonymous_2)
FNF:3
FNH:0
FNDA:0,(anonymous_0)
FNDA:0,(anonymous_1)
FNDA:0,(anonymous_2)
DA:6,1
DA:7,1
DA:10,1
DA:11,0
DA:13,0
DA:91,1
DA:92,0
DA:93,0
DA:278,1
DA:279,0
DA:280,0
LF:11
LH:5
BRF:0
BRH:0
end_of_record
TN:
SF:src\routers\auth.router.js
FNF:0
FNH:0
DA:1,1
DA:2,1
DA:8,1
DA:12,1
DA:15,1
DA:18,1
DA:21,1
DA:23,1
LF:8
LH:8
BRF:0
BRH:0
end_of_record
TN:
SF:src\routers\comment.router.js
FNF:0
FNH:0
DA:1,1
DA:7,1
DA:8,1
DA:12,1
DA:13,1
DA:16,1
DA:19,1
DA:27,1
DA:30,1
DA:32,1
LF:10
LH:10
BRF:0
BRH:0
end_of_record
TN:
SF:src\routers\connection.router.js
FNF:0
FNH:0
DA:1,1
DA:5,1
DA:6,1
DA:8,1
DA:9,1
DA:12,1
DA:15,1
DA:17,1
LF:8
LH:8
BRF:0
BRH:0
end_of_record
TN:
SF:src\routers\friend.router.js
FNF:0
FNH:0
DA:1,1
DA:2,1
DA:12,1
DA:13,1
DA:18,1
DA:21,1
DA:29,1
DA:37,1
DA:45,1
DA:48,1
DA:51,1
DA:54,1
DA:56,1
LF:13
LH:13
BRF:0
BRH:0
end_of_record
TN:
SF:src\routers\index.router.js
FN:24,(anonymous_0)
FNF:1
FNH:1
FNDA:8,(anonymous_0)
DA:1,1
DA:2,1
DA:4,1
DA:5,1
DA:6,1
DA:7,1
DA:8,1
DA:9,1
DA:10,1
DA:11,1
DA:13,1
DA:24,1
DA:25,8
DA:28,1
LF:14
LH:14
BRF:0
BRH:0
end_of_record
TN:
SF:src\routers\page.router.js
FNF:0
FNH:0
DA:1,1
DA:2,1
DA:18,1
DA:19,1
DA:23,1
DA:27,1
DA:30,1
DA:33,1
DA:36,1
DA:39,1
DA:42,1
DA:45,1
DA:48,1
DA:51,1
DA:54,1
DA:62,1
DA:65,1
DA:68,1
DA:70,1
LF:19
LH:19
BRF:0
BRH:0
end_of_record
TN:
SF:src\routers\post.router.js
FNF:0
FNH:0
DA:1,1
DA:2,1
DA:13,1
DA:14,1
DA:19,1
DA:23,1
DA:26,1
DA:35,1
DA:44,1
DA:52,1
DA:55,1
DA:58,1
DA:61,1
DA:63,1
LF:14
LH:14
BRF:0
BRH:0
end_of_record
TN:
SF:src\routers\reaction.router.js
FNF:0
FNH:0
DA:1,1
DA:2,1
DA:4,1
DA:5,1
DA:6,1
DA:9,1
DA:12,1
DA:14,1
LF:8
LH:8
BRF:0
BRH:0
end_of_record
TN:
SF:src\routers\user.router.js
FNF:0
FNH:0
DA:1,1
DA:2,1
DA:8,1
DA:9,1
DA:10,1
DA:13,1
DA:16,1
DA:19,1
DA:21,1
LF:9
LH:9
BRF:0
BRH:0
end_of_record
TN:
SF:src\utils\mongodb_utils.js
FN:16,(anonymous_0)
FN:36,(anonymous_1)
FNF:2
FNH:0
FNDA:0,(anonymous_0)
FNDA:0,(anonymous_1)
DA:2,1
DA:16,1
DA:17,0
DA:21,0
DA:23,0
DA:36,1
DA:37,0
DA:46,1
LF:8
LH:4
BRF:0
BRH:0
end_of_record
TN:
SF:src\utils\pagination.js
FN:4,(anonymous_0)
FNF:1
FNH:0
FNDA:0,(anonymous_0)
DA:1,1
DA:4,1
DA:5,0
DA:7,0
DA:8,0
DA:9,0
DA:10,0
DA:13,0
LF:8
LH:2
BRDA:5,0,0,0
BRDA:5,1,0,0
BRDA:5,2,0,0
BRDA:5,3,0,0
BRDA:5,3,1,0
BRDA:8,4,0,0
BRDA:8,4,1,0
BRDA:10,5,0,0
BRDA:10,5,1,0
BRF:9
BRH:0
end_of_record
TN:
SF:src\utils\sendResponce.js
FN:2,(anonymous_0)
FNF:1
FNH:0
FNDA:0,(anonymous_0)
DA:2,1
DA:10,0
DA:11,0
LF:3
LH:1
BRF:0
BRH:0
end_of_record
TN:
SF:src\utils\token.js
FN:4,(anonymous_0)
FN:9,(anonymous_1)
FNF:2
FNH:0
FNDA:0,(anonymous_0)
FNDA:0,(anonymous_1)
DA:1,1
DA:4,1
DA:5,0
DA:9,1
DA:10,0
LF:5
LH:3
BRF:0
BRH:0
end_of_record
TN:
SF:src\utils\validation_utils.js
FN:4,(anonymous_0)
FN:10,(anonymous_1)
FN:14,(anonymous_2)
FN:20,(anonymous_3)
FN:24,(anonymous_4)
FNF:5
FNH:0
FNDA:0,(anonymous_0)
FNDA:0,(anonymous_1)
FNDA:0,(anonymous_2)
FNDA:0,(anonymous_3)
FNDA:0,(anonymous_4)
DA:1,1
DA:4,1
DA:5,0
DA:10,1
DA:11,0
DA:14,1
DA:15,0
DA:20,1
DA:21,0
DA:24,1
DA:25,0
LF:11
LH:6
BRDA:21,0,0,0
BRDA:21,0,1,0
BRF:2
BRH:0
end_of_record
TN:
SF:src\validators\comment.validator.js
FN:12,(anonymous_0)
FN:44,(anonymous_1)
FNF:2
FNH:0
FNDA:0,(anonymous_0)
FNDA:0,(anonymous_1)
DA:1,1
DA:2,1
DA:4,1
DA:5,1
DA:6,1
DA:10,1
DA:12,1
DA:13,0
DA:14,0
DA:16,0
DA:17,0
DA:19,0
DA:20,0
DA:22,0
DA:26,0
DA:29,0
DA:32,0
DA:34,0
DA:36,0
DA:44,1
DA:45,0
DA:46,0
DA:48,0
DA:54,0
DA:55,0
DA:56,0
DA:58,0
DA:61,0
DA:65,0
DA:67,0
DA:69,0
DA:70,0
LF:32
LH:8
BRDA:19,0,0,0
BRDA:19,0,1,0
BRDA:38,1,0,0
BRDA:38,1,1,0
BRDA:39,2,0,0
BRDA:39,2,1,0
BRDA:54,3,0,0
BRDA:54,3,1,0
BRDA:55,4,0,0
BRDA:55,4,1,0
BRDA:56,5,0,0
BRDA:56,5,1,0
BRDA:72,6,0,0
BRDA:72,6,1,0
BRDA:73,7,0,0
BRDA:73,7,1,0
BRF:16
BRH:0
end_of_record
TN:
SF:src\validators\connection.validation.js
FN:8,(anonymous_0)
FN:41,(anonymous_1)
FNF:2
FNH:0
FNDA:0,(anonymous_0)
FNDA:0,(anonymous_1)
DA:1,1
DA:3,1
DA:4,1
DA:5,1
DA:6,1
DA:8,1
DA:9,0
DA:10,0
DA:11,0
DA:12,0
DA:15,0
DA:16,0
DA:18,0
DA:21,0
DA:27,0
DA:30,0
DA:33,0
DA:35,0
DA:37,0
DA:41,1
DA:42,0
DA:43,0
DA:45,0
DA:46,0
DA:49,0
DA:55,0
DA:57,0
DA:59,0
LF:28
LH:7
BRDA:11,0,0,0
BRDA:11,0,1,0
BRDA:45,1,0,0
BRDA:45,1,1,0
BRDA:61,2,0,0
BRDA:61,2,1,0
BRDA:62,3,0,0
BRDA:62,3,1,0
BRF:8
BRH:0
end_of_record
TN:
SF:src\validators\friend.validator.js
FN:9,(anonymous_0)
FN:55,(anonymous_1)
FN:83,(anonymous_2)
FNF:3
FNH:0
FNDA:0,(anonymous_0)
FNDA:0,(anonymous_1)
FNDA:0,(anonymous_2)
DA:1,1
DA:3,1
DA:4,1
DA:5,1
DA:6,1
DA:7,1
DA:9,1
DA:10,0
DA:11,0
DA:12,0
DA:14,0
DA:15,0
DA:17,0
DA:18,0
DA:20,0
DA:23,0
DA:29,0
DA:32,0
DA:33,0
DA:36,0
DA:42,0
DA:45,0
DA:47,0
DA:55,1
DA:56,0
DA:57,0
DA:58,0
DA:60,0
DA:71,0
DA:73,0
DA:75,0
DA:83,1
DA:84,0
DA:85,0
DA:86,0
DA:88,0
DA:99,0
DA:101,0
DA:103,0
LF:39
LH:9
BRDA:14,0,0,0
BRDA:14,0,1,0
BRDA:49,1,0,0
BRDA:49,1,1,0
BRDA:77,2,0,0
BRDA:77,2,1,0
BRDA:78,3,0,0
BRDA:78,3,1,0
BRDA:105,4,0,0
BRDA:105,4,1,0
BRDA:106,5,0,0
BRDA:106,5,1,0
BRF:12
BRH:0
end_of_record
TN:
SF:src\validators\generalValidation.js
FN:6,(anonymous_0)
FN:59,(anonymous_1)
FN:91,(anonymous_2)
FNF:3
FNH:0
FNDA:0,(anonymous_0)
FNDA:0,(anonymous_1)
FNDA:0,(anonymous_2)
DA:1,1
DA:3,1
DA:6,1
DA:7,0
DA:8,0
DA:11,0
DA:13,0
DA:14,0
DA:17,0
DA:18,0
DA:19,0
DA:25,0
DA:26,0
DA:30,0
DA:31,0
DA:32,0
DA:33,0
DA:34,0
DA:38,0
DA:39,0
DA:40,0
DA:44,0
DA:45,0
DA:49,0
DA:54,0
DA:58,0
DA:59,0
DA:61,0
DA:62,0
DA:67,0
DA:68,0
DA:72,0
DA:73,0
DA:79,0
DA:84,0
DA:91,1
DA:92,0
DA:94,0
DA:95,0
DA:96,0
DA:98,0
DA:99,0
DA:102,0
DA:103,0
DA:104,0
DA:105,0
DA:106,0
DA:110,0
DA:111,0
DA:112,0
DA:116,0
DA:117,0
DA:120,0
DA:125,0
DA:129,0
DA:134,0
DA:138,0
DA:139,0
DA:142,0
DA:143,0
LF:60
LH:4
BRDA:7,0,0,0
BRDA:7,0,1,0
BRDA:17,1,0,0
BRDA:17,1,1,0
BRDA:17,2,0,0
BRDA:17,2,1,0
BRDA:25,3,0,0
BRDA:25,3,1,0
BRDA:25,4,0,0
BRDA:25,4,1,0
BRDA:30,5,0,0
BRDA:30,5,1,0
BRDA:31,6,0,0
BRDA:31,6,1,0
BRDA:38,7,0,0
BRDA:38,7,1,0
BRDA:39,8,0,0
BRDA:39,8,1,0
BRDA:44,9,0,0
BRDA:44,9,1,0
BRDA:44,10,0,0
BRDA:44,10,1,0
BRDA:49,11,0,0
BRDA:49,11,1,0
BRDA:50,12,0,0
BRDA:50,12,1,0
BRDA:50,12,2,0
BRDA:58,13,0,0
BRDA:58,13,1,0
BRDA:58,14,0,0
BRDA:58,14,1,0
BRDA:61,15,0,0
BRDA:61,15,1,0
BRDA:67,16,0,0
BRDA:67,16,1,0
BRDA:67,17,0,0
BRDA:67,17,1,0
BRDA:72,18,0,0
BRDA:72,18,1,0
BRDA:72,19,0,0
BRDA:72,19,1,0
BRDA:79,20,0,0
BRDA:79,20,1,0
BRDA:80,21,0,0
BRDA:80,21,1,0
BRDA:80,21,2,0
BRDA:92,22,0,0
BRDA:92,22,1,0
BRDA:96,23,0,0
BRDA:96,23,1,0
BRDA:99,24,0,0
BRDA:99,24,1,0
BRDA:102,25,0,0
BRDA:102,25,1,0
BRDA:103,26,0,0
BRDA:103,26,1,0
BRDA:110,27,0,0
BRDA:110,27,1,0
BRDA:111,28,0,0
BRDA:111,28,1,0
BRDA:116,29,0,0
BRDA:116,29,1,0
BRDA:116,30,0,0
BRDA:116,30,1,0
BRDA:120,31,0,0
BRDA:120,31,1,0
BRDA:121,32,0,0
BRDA:121,32,1,0
BRDA:121,32,2,0
BRDA:129,33,0,0
BRDA:129,33,1,0
BRDA:130,34,0,0
BRDA:130,34,1,0
BRDA:130,34,2,0
BRDA:138,35,0,0
BRDA:138,35,1,0
BRDA:138,36,0,0
BRDA:138,36,1,0
BRDA:142,37,0,0
BRDA:142,37,1,0
BRDA:142,38,0,0
BRDA:142,38,1,0
BRF:82
BRH:0
end_of_record
TN:
SF:src\validators\page.validation.js
FN:9,(anonymous_0)
FN:20,(anonymous_1)
FN:40,(anonymous_2)
FNF:3
FNH:0
FNDA:0,(anonymous_0)
FNDA:0,(anonymous_1)
FNDA:0,(anonymous_2)
DA:1,1
DA:3,1
DA:4,1
DA:5,1
DA:6,1
DA:9,1
DA:10,0
DA:11,0
DA:12,0
DA:14,0
DA:16,0
DA:20,1
DA:21,0
DA:22,0
DA:23,0
DA:25,0
DA:27,0
DA:28,0
DA:34,0
DA:36,0
DA:40,1
LF:21
LH:8
BRF:0
BRH:0
end_of_record
TN:
SF:src\validators\permission.validation.js
FN:9,(anonymous_0)
FN:39,(anonymous_1)
FNF:2
FNH:0
FNDA:0,(anonymous_0)
FNDA:0,(anonymous_1)
DA:1,1
DA:3,1
DA:4,1
DA:5,1
DA:6,1
DA:7,1
DA:9,1
DA:10,0
DA:11,0
DA:13,0
DA:15,0
DA:16,0
DA:18,0
DA:19,0
DA:21,0
DA:26,0
DA:32,0
DA:34,0
DA:35,0
DA:39,1
DA:40,0
DA:41,0
DA:43,0
DA:87,0
DA:88,0
DA:94,0
DA:96,0
LF:27
LH:8
BRF:0
BRH:0
end_of_record
TN:
SF:src\validators\post.validation.js
FN:10,(anonymous_0)
FN:73,(anonymous_1)
FN:108,(anonymous_2)
FNF:3
FNH:0
FNDA:0,(anonymous_0)
FNDA:0,(anonymous_1)
FNDA:0,(anonymous_2)
DA:1,1
DA:3,1
DA:4,1
DA:5,1
DA:6,1
DA:7,1
DA:10,1
DA:11,0
DA:13,0
DA:15,0
DA:16,0
DA:18,0
DA:19,0
DA:44,0
DA:48,0
DA:49,0
DA:53,0
DA:54,0
DA:58,0
DA:59,0
DA:62,0
DA:64,0
DA:65,0
DA:73,1
DA:74,0
DA:75,0
DA:77,0
DA:78,0
DA:80,0
DA:82,0
DA:85,0
DA:86,0
DA:89,0
DA:90,0
DA:94,0
DA:95,0
DA:98,0
DA:100,0
DA:108,1
DA:109,0
LF:40
LH:9
BRDA:18,0,0,0
BRDA:18,0,1,0
BRDA:49,1,0,0
BRDA:49,1,1,0
BRDA:53,2,0,0
BRDA:53,2,1,0
BRDA:53,3,0,0
BRDA:53,3,1,0
BRDA:58,4,0,0
BRDA:58,4,1,0
BRDA:58,5,0,0
BRDA:58,5,1,0
BRDA:58,5,2,0
BRDA:67,6,0,0
BRDA:67,6,1,0
BRDA:89,7,0,0
BRDA:89,7,1,0
BRDA:89,8,0,0
BRDA:89,8,1,0
BRDA:94,9,0,0
BRDA:94,9,1,0
BRDA:94,10,0,0
BRDA:94,10,1,0
BRDA:94,10,2,0
BRDA:102,11,0,0
BRDA:102,11,1,0
BRF:26
BRH:0
end_of_record
TN:
SF:src\validators\reaction.validate.js
FN:8,(anonymous_0)
FNF:1
FNH:0
FNDA:0,(anonymous_0)
DA:1,1
DA:3,1
DA:4,1
DA:5,1
DA:6,1
DA:8,1
DA:9,0
DA:10,0
DA:12,0
DA:13,0
DA:15,0
DA:16,0
DA:18,0
DA:20,0
DA:37,0
DA:44,0
DA:46,0
LF:17
LH:6
BRDA:18,0,0,0
BRDA:18,0,1,0
BRDA:38,1,0,0
BRDA:38,1,1,0
BRF:4
BRH:0
end_of_record
TN:
SF:src\validators\user.validation.js
FN:9,(anonymous_0)
FN:41,(anonymous_1)
FN:57,(anonymous_2)
FN:79,(anonymous_3)
FNF:4
FNH:0
FNDA:0,(anonymous_0)
FNDA:0,(anonymous_1)
FNDA:0,(anonymous_2)
FNDA:0,(anonymous_3)
DA:1,1
DA:3,1
DA:4,1
DA:5,1
DA:6,1
DA:7,1
DA:9,1
DA:10,0
DA:11,0
DA:12,0
DA:14,0
DA:16,0
DA:19,0
DA:23,0
DA:28,0
DA:34,0
DA:36,0
DA:37,0
DA:41,1
DA:42,0
DA:43,0
DA:44,0
DA:50,0
DA:52,0
DA:53,0
DA:57,1
DA:58,0
DA:59,0
DA:61,0
DA:63,0
DA:65,0
DA:67,0
DA:68,0
DA:70,0
DA:71,0
DA:73,0
DA:75,0
DA:79,1
DA:80,0
LF:39
LH:10
BRDA:14,0,0,0
BRDA:14,0,1,0
BRDA:61,1,0,0
BRDA:61,1,1,0
BRF:4
BRH:0
end_of_record
TN:
SF:tests\db.js
FN:7,(anonymous_0)
FNF:1
FNH:1
FNDA:1,(anonymous_0)
DA:1,1
DA:2,1
DA:4,1
DA:5,1
DA:7,1
DA:8,1
DA:9,1
DA:10,1
DA:11,1
DA:14,1
DA:15,1
DA:16,8
DA:21,1
LF:13
LH:13
BRF:0
BRH:0
end_of_record
